[ 2017-11-22 ]尚未获取到全部课程！
[ 2017-11-22 ]课程还没有发布，请稍后再试！
[ 2017-11-22 ]课程还没有发布，请稍后再试！
[ 2017-11-22 23:%i:1511412078 ]课程还没有发布，请稍后再试！
[ 2017-11-22 23:43:09 ]课程还没有发布，请稍后再试！
[ 2017-11-23 12:50:22 ]课程还没有发布，请稍后再试！
[ 2017-11-23 12:55:58 ]课程还没有发布，请稍后再试！
[ 2017-11-23 12:56:12 ]课程还没有发布，请稍后再试！
[ 2017-11-23 12:57:25 ]课程146067选择成功!
[ 2017-11-23 12:57:25 ]课程146070选择成功!
[ 2017-11-23 13:03:31 ]课程还没有发布，请稍后再试！
[ 2017-11-23 13:03:36 ]课程还没有发布，请稍后再试！
[ 2017-11-23 13:34:42 ]课程科目二  10:00~11:00选择成功!
[ 2017-11-23 13:34:42 ]课程科目二  11:00~12:00选择成功!
[ 2017-11-23 13:38:59 ]当前的预约次数已经超过了本日限制
[ 2017-11-23 13:47:56 ]当前的预约次数已经超过了本日限制
[ 2017-11-23 13:48:03 ]当前的预约次数已经超过了本日限制
[ 2017-11-23 13:48:08 ]当前的预约次数已经超过了本日限制
[ 2017-11-23 13:48:15 ]当前的预约次数已经超过了本日限制
[ 2017-11-23 13:48:21 ]当前的预约次数已经超过了本日限制
[ 2017-11-23 13:48:29 ]当前的预约次数已经超过了本日限制
[ 2017-11-23 13:48:34 ]当前的预约次数已经超过了本日限制
[ 2017-11-23 13:48:40 ]当前的预约次数已经超过了本日限制
[ 2017-11-23 13:50:38 ]当前的预约次数已经超过了本日限制
[ 2017-11-23 13:50:45 ]当前的预约次数已经超过了本日限制
[ 2017-11-23 13:50:50 ]当前的预约次数已经超过了本日限制
[ 2017-11-23 13:50:56 ]当前的预约次数已经超过了本日限制
[ 2017-11-23 13:51:01 ]当前的预约次数已经超过了本日限制
[ 2017-11-23 13:51:07 ]当前的预约次数已经超过了本日限制
[ 2017-11-23 13:51:13 ]当前的预约次数已经超过了本日限制
[ 2017-11-23 13:51:19 ]当前的预约次数已经超过了本日限制
[ 2017-11-23 13:51:26 ]当前的预约次数已经超过了本日限制
[ 2017-11-23 13:51:34 ]当前的预约次数已经超过了本日限制
[ 2017-11-23 13:51:41 ]当前的预约次数已经超过了本日限制
[ 2017-11-23 13:52:15 ]当前的预约次数已经超过了本日限制
[ 2017-11-23 13:52:25 ]当前的预约次数已经超过了本日限制
[ 2017-11-23 13:52:35 ]当前的预约次数已经超过了本日限制
[ 2017-11-23 13:52:44 ]当前的预约次数已经超过了本日限制
[ 2017-11-23 13:52:55 ]当前的预约次数已经超过了本日限制
[ 2017-11-23 13:53:04 ]当前的预约次数已经超过了本日限制
[ 2017-11-23 13:53:14 ]当前的预约次数已经超过了本日限制
[ 2017-11-23 13:53:25 ]当前的预约次数已经超过了本日限制
[ 2017-11-23 13:53:34 ]当前的预约次数已经超过了本日限制
[ 2017-11-23 13:53:44 ]当前的预约次数已经超过了本日限制
[ 2017-11-23 13:55:38 ]当前的预约次数已经超过了本日限制
[ 2017-11-23 13:55:48 ]当前的预约次数已经超过了本日限制
[ 2017-11-23 13:55:56 ]当前的预约次数已经超过了本日限制
[ 2017-11-23 13:56:06 ]当前的预约次数已经超过了本日限制
[ 2017-11-23 13:56:13 ]当前的预约次数已经超过了本日限制
[ 2017-11-23 13:56:21 ]当前的预约次数已经超过了本日限制
[ 2017-11-23 13:56:29 ]当前的预约次数已经超过了本日限制
[ 2017-11-23 13:56:38 ]当前的预约次数已经超过了本日限制
[ 2017-11-23 13:56:46 ]当前的预约次数已经超过了本日限制
[ 2017-11-23 13:56:53 ]当前的预约次数已经超过了本日限制
[ 2017-11-23 13:57:01 ]当前的预约次数已经超过了本日限制
[ 2017-11-23 13:57:08 ]当前的预约次数已经超过了本日限制
[ 2017-11-23 13:57:17 ]课程科目二  13:00~14:00选择成功!
[ 2017-11-23 13:57:18 ]课程科目二  14:00~15:00选择成功!
[ 2017-11-23 13:57:26 ]当前的预约次数已经超过了本日限制
[ 2017-11-23 13:57:34 ]当前的预约次数已经超过了本日限制
[ 2017-11-23 13:57:43 ]当前的预约次数已经超过了本日限制
[ 2017-11-23 13:57:51 ]当前的预约次数已经超过了本日限制
[ 2017-11-23 13:57:59 ]当前的预约次数已经超过了本日限制
[ 2017-11-23 13:58:07 ]当前的预约次数已经超过了本日限制
[ 2017-11-23 13:58:17 ]当前的预约次数已经超过了本日限制
[ 2017-11-23 14:02:00 ]当前的预约次数已经超过了本日限制
[ 2017-11-23 14:09:31 ]当前的预约次数已经超过了本日限制
[ 2017-11-23 14:09:39 ]当前的预约次数已经超过了本日限制
[ 2017-11-23 14:09:54 ]当前的预约次数已经超过了本日限制
[ 2017-11-23 14:10:01 ]当前的预约次数已经超过了本日限制
[ 2017-11-23 14:10:08 ]当前的预约次数已经超过了本日限制
[ 2017-11-23 14:10:16 ]当前的预约次数已经超过了本日限制
[ 2017-11-23 14:10:23 ]当前的预约次数已经超过了本日限制
[ 2017-11-23 14:10:30 ]当前的预约次数已经超过了本日限制
[ 2017-11-23 14:10:38 ]当前的预约次数已经超过了本日限制
[ 2017-11-23 14:10:45 ]当前的预约次数已经超过了本日限制
[ 2017-11-23 14:10:54 ]当前的预约次数已经超过了本日限制
[ 2017-11-23 14:11:01 ]当前的预约次数已经超过了本日限制
[ 2017-11-23 14:11:09 ]当前的预约次数已经超过了本日限制
[ 2017-11-23 14:11:17 ]当前的预约次数已经超过了本日限制
[ 2017-11-23 14:11:24 ]当前的预约次数已经超过了本日限制
[ 2017-11-23 14:11:32 ]当前的预约次数已经超过了本日限制
[ 2017-11-23 14:11:40 ]当前的预约次数已经超过了本日限制
[ 2017-11-23 14:11:47 ]当前的预约次数已经超过了本日限制
[ 2017-11-23 14:11:54 ]当前的预约次数已经超过了本日限制
[ 2017-11-23 14:12:01 ]当前的预约次数已经超过了本日限制
[ 2017-11-23 14:12:08 ]当前的预约次数已经超过了本日限制
[ 2017-11-23 14:12:15 ]当前的预约次数已经超过了本日限制
[ 2017-11-23 14:12:23 ]当前的预约次数已经超过了本日限制
[ 2017-11-23 14:12:30 ]当前的预约次数已经超过了本日限制
[ 2017-11-23 14:12:38 ]当前的预约次数已经超过了本日限制
[ 2017-11-23 14:12:46 ]当前的预约次数已经超过了本日限制
[ 2017-11-23 14:12:54 ]当前的预约次数已经超过了本日限制
[ 2017-11-23 14:13:01 ]当前的预约次数已经超过了本日限制
[ 2017-11-23 14:13:08 ]当前的预约次数已经超过了本日限制
[ 2017-11-23 14:13:17 ]当前的预约次数已经超过了本日限制
[ 2017-11-23 14:13:26 ]当前的预约次数已经超过了本日限制
[ 2017-11-23 14:13:36 ]当前的预约次数已经超过了本日限制
[ 2017-11-23 14:13:45 ]当前的预约次数已经超过了本日限制
[ 2017-11-23 14:13:53 ]当前的预约次数已经超过了本日限制
[ 2017-11-23 14:14:00 ]当前的预约次数已经超过了本日限制
[ 2017-11-23 14:14:08 ]当前的预约次数已经超过了本日限制
[ 2017-11-23 14:14:15 ]当前的预约次数已经超过了本日限制
[ 2017-11-23 14:14:23 ]当前的预约次数已经超过了本日限制
[ 2017-11-23 14:14:31 ]当前的预约次数已经超过了本日限制
[ 2017-11-23 14:14:39 ]当前的预约次数已经超过了本日限制
[ 2017-11-23 14:14:46 ]当前的预约次数已经超过了本日限制
[ 2017-11-23 14:15:02 ]当前的预约次数已经超过了本日限制
[ 2017-11-23 14:15:11 ]当前的预约次数已经超过了本日限制
[ 2017-11-23 14:15:25 ]当前的预约次数已经超过了本日限制
[ 2017-11-23 14:15:33 ]当前的预约次数已经超过了本日限制
[ 2017-11-23 14:15:43 ]当前的预约次数已经超过了本日限制
[ 2017-11-23 14:15:52 ]当前的预约次数已经超过了本日限制
[ 2017-11-23 14:16:00 ]当前的预约次数已经超过了本日限制
[ 2017-11-23 14:16:08 ]当前的预约次数已经超过了本日限制
[ 2017-11-23 14:16:16 ]当前的预约次数已经超过了本日限制
[ 2017-11-23 14:16:23 ]当前的预约次数已经超过了本日限制
[ 2017-11-23 14:16:33 ]当前的预约次数已经超过了本日限制
[ 2017-11-23 14:16:42 ]当前的预约次数已经超过了本日限制
[ 2017-11-23 14:16:50 ]当前的预约次数已经超过了本日限制
[ 2017-11-23 14:17:02 ]当前的预约次数已经超过了本日限制
[ 2017-11-23 14:17:10 ]当前的预约次数已经超过了本日限制
[ 2017-11-23 14:17:17 ]当前的预约次数已经超过了本日限制
[ 2017-11-23 14:17:26 ]当前的预约次数已经超过了本日限制
[ 2017-11-23 14:17:34 ]当前的预约次数已经超过了本日限制
[ 2017-11-23 14:17:41 ]当前的预约次数已经超过了本日限制
[ 2017-11-23 14:17:50 ]当前的预约次数已经超过了本日限制
[ 2017-11-23 14:17:57 ]当前的预约次数已经超过了本日限制
[ 2017-11-23 14:18:04 ]当前的预约次数已经超过了本日限制
[ 2017-11-23 14:18:11 ]当前的预约次数已经超过了本日限制
[ 2017-11-23 14:18:19 ]当前的预约次数已经超过了本日限制
[ 2017-11-23 14:18:27 ]当前的预约次数已经超过了本日限制
[ 2017-11-23 14:18:38 ]当前的预约次数已经超过了本日限制
[ 2017-11-23 14:18:48 ]当前的预约次数已经超过了本日限制
[ 2017-11-23 14:18:55 ]当前的预约次数已经超过了本日限制
[ 2017-11-23 14:19:03 ]当前的预约次数已经超过了本日限制
[ 2017-11-23 14:19:10 ]当前的预约次数已经超过了本日限制
[ 2017-11-23 14:19:17 ]当前的预约次数已经超过了本日限制
[ 2017-11-23 14:19:24 ]当前的预约次数已经超过了本日限制
[ 2017-11-23 14:19:31 ]当前的预约次数已经超过了本日限制
[ 2017-11-23 14:19:41 ]当前的预约次数已经超过了本日限制
[ 2017-11-23 14:19:49 ]当前的预约次数已经超过了本日限制
[ 2017-11-23 14:19:56 ]当前的预约次数已经超过了本日限制
[ 2017-11-23 14:20:04 ]当前的预约次数已经超过了本日限制
[ 2017-11-23 14:20:13 ]当前的预约次数已经超过了本日限制
[ 2017-11-23 14:20:21 ]当前的预约次数已经超过了本日限制
[ 2017-11-23 14:20:28 ]当前的预约次数已经超过了本日限制
[ 2017-11-23 14:20:36 ]当前的预约次数已经超过了本日限制
[ 2017-11-23 14:20:44 ]当前的预约次数已经超过了本日限制
[ 2017-11-23 14:21:02 ]当前的预约次数已经超过了本日限制
[ 2017-11-23 14:21:10 ]当前的预约次数已经超过了本日限制
[ 2017-11-23 14:21:18 ]当前的预约次数已经超过了本日限制
[ 2017-11-23 14:21:26 ]当前的预约次数已经超过了本日限制
[ 2017-11-23 14:21:37 ]当前的预约次数已经超过了本日限制
[ 2017-11-23 14:21:45 ]当前的预约次数已经超过了本日限制
[ 2017-11-23 14:21:54 ]当前的预约次数已经超过了本日限制
[ 2017-11-23 14:22:03 ]当前的预约次数已经超过了本日限制
[ 2017-11-23 14:22:11 ]当前的预约次数已经超过了本日限制
[ 2017-11-23 14:22:20 ]当前的预约次数已经超过了本日限制
[ 2017-11-23 14:22:28 ]当前的预约次数已经超过了本日限制
[ 2017-11-23 14:22:42 ]当前的预约次数已经超过了本日限制
[ 2017-11-23 14:22:50 ]当前的预约次数已经超过了本日限制
[ 2017-11-23 14:22:58 ]当前的预约次数已经超过了本日限制
[ 2017-11-23 14:23:11 ]当前的预约次数已经超过了本日限制
[ 2017-11-23 14:23:22 ]当前的预约次数已经超过了本日限制
[ 2017-11-23 14:23:31 ]当前的预约次数已经超过了本日限制
[ 2017-11-23 14:23:44 ]当前的预约次数已经超过了本日限制
[ 2017-11-23 14:23:58 ]当前的预约次数已经超过了本日限制
[ 2017-11-23 14:24:06 ]当前的预约次数已经超过了本日限制
[ 2017-11-23 14:24:14 ]当前的预约次数已经超过了本日限制
[ 2017-11-23 14:24:26 ]当前的预约次数已经超过了本日限制
[ 2017-11-23 14:24:34 ]当前的预约次数已经超过了本日限制
[ 2017-11-23 14:24:45 ]当前的预约次数已经超过了本日限制
[ 2017-11-23 14:24:53 ]当前的预约次数已经超过了本日限制
[ 2017-11-23 14:25:03 ]当前的预约次数已经超过了本日限制
[ 2017-11-23 14:25:13 ]当前的预约次数已经超过了本日限制
[ 2017-11-23 14:25:25 ]当前的预约次数已经超过了本日限制
[ 2017-11-23 14:25:44 ]当前的预约次数已经超过了本日限制
[ 2017-11-23 14:25:54 ]当前的预约次数已经超过了本日限制
[ 2017-11-23 14:26:03 ]当前的预约次数已经超过了本日限制
[ 2017-11-23 14:26:14 ]当前的预约次数已经超过了本日限制
[ 2017-11-23 14:26:21 ]当前的预约次数已经超过了本日限制
[ 2017-11-23 14:26:31 ]当前的预约次数已经超过了本日限制
[ 2017-11-23 14:26:39 ]当前的预约次数已经超过了本日限制
[ 2017-11-23 14:26:47 ]当前的预约次数已经超过了本日限制
[ 2017-11-23 14:26:59 ]当前的预约次数已经超过了本日限制
[ 2017-11-23 14:27:12 ]当前的预约次数已经超过了本日限制
[ 2017-11-23 14:27:20 ]当前的预约次数已经超过了本日限制
[ 2017-11-23 14:27:31 ]当前的预约次数已经超过了本日限制
[ 2017-11-23 14:27:38 ]当前的预约次数已经超过了本日限制
[ 2017-11-23 14:27:47 ]当前的预约次数已经超过了本日限制
[ 2017-11-23 14:27:55 ]当前的预约次数已经超过了本日限制
[ 2017-11-23 14:28:03 ]当前的预约次数已经超过了本日限制
[ 2017-11-23 14:28:11 ]当前的预约次数已经超过了本日限制
[ 2017-11-23 14:28:18 ]当前的预约次数已经超过了本日限制
[ 2017-11-23 14:28:25 ]当前的预约次数已经超过了本日限制
[ 2017-11-23 14:28:33 ]当前的预约次数已经超过了本日限制
[ 2017-11-23 14:28:41 ]当前的预约次数已经超过了本日限制
[ 2017-11-23 14:28:49 ]当前的预约次数已经超过了本日限制
[ 2017-11-23 14:29:00 ]当前的预约次数已经超过了本日限制
[ 2017-11-23 14:29:09 ]当前的预约次数已经超过了本日限制
[ 2017-11-23 14:29:19 ]当前的预约次数已经超过了本日限制
[ 2017-11-23 14:29:26 ]当前的预约次数已经超过了本日限制
[ 2017-11-23 14:29:34 ]当前的预约次数已经超过了本日限制
[ 2017-11-23 14:29:43 ]当前的预约次数已经超过了本日限制
[ 2017-11-23 14:29:50 ]当前的预约次数已经超过了本日限制
[ 2017-11-23 14:29:59 ]当前的预约次数已经超过了本日限制
[ 2017-11-23 14:30:09 ]当前的预约次数已经超过了本日限制
[ 2017-11-23 14:30:16 ]当前的预约次数已经超过了本日限制
[ 2017-11-23 14:30:27 ]当前的预约次数已经超过了本日限制
[ 2017-11-23 14:30:35 ]当前的预约次数已经超过了本日限制
[ 2017-11-23 14:30:43 ]当前的预约次数已经超过了本日限制
[ 2017-11-23 14:30:51 ]当前的预约次数已经超过了本日限制
[ 2017-11-23 14:30:58 ]当前的预约次数已经超过了本日限制
[ 2017-11-23 14:31:07 ]当前的预约次数已经超过了本日限制
[ 2017-11-23 14:31:15 ]当前的预约次数已经超过了本日限制
[ 2017-11-23 14:31:24 ]当前的预约次数已经超过了本日限制
[ 2017-11-23 14:31:32 ]当前的预约次数已经超过了本日限制
[ 2017-11-23 14:31:39 ]当前的预约次数已经超过了本日限制
[ 2017-11-23 14:31:48 ]当前的预约次数已经超过了本日限制
[ 2017-11-23 14:31:57 ]当前的预约次数已经超过了本日限制
[ 2017-11-23 14:32:04 ]当前的预约次数已经超过了本日限制
[ 2017-11-23 14:32:11 ]当前的预约次数已经超过了本日限制
[ 2017-11-23 14:32:19 ]当前的预约次数已经超过了本日限制
[ 2017-11-23 14:32:26 ]当前的预约次数已经超过了本日限制
[ 2017-11-23 14:32:34 ]当前的预约次数已经超过了本日限制
[ 2017-11-23 14:32:42 ]当前的预约次数已经超过了本日限制
[ 2017-11-23 14:32:49 ]当前的预约次数已经超过了本日限制
[ 2017-11-23 14:32:57 ]当前的预约次数已经超过了本日限制
[ 2017-11-23 14:33:04 ]当前的预约次数已经超过了本日限制
[ 2017-11-23 14:33:12 ]当前的预约次数已经超过了本日限制
[ 2017-11-23 14:33:20 ]当前的预约次数已经超过了本日限制
[ 2017-11-23 14:33:29 ]当前的预约次数已经超过了本日限制
[ 2017-11-23 14:33:37 ]当前的预约次数已经超过了本日限制
[ 2017-11-23 14:33:45 ]当前的预约次数已经超过了本日限制
[ 2017-11-23 14:33:57 ]当前的预约次数已经超过了本日限制
[ 2017-11-23 14:34:05 ]当前的预约次数已经超过了本日限制
[ 2017-11-23 14:34:13 ]当前的预约次数已经超过了本日限制
[ 2017-11-23 14:34:20 ]当前的预约次数已经超过了本日限制
[ 2017-11-23 14:34:27 ]当前的预约次数已经超过了本日限制
[ 2017-11-23 14:34:37 ]当前的预约次数已经超过了本日限制
[ 2017-11-23 14:34:45 ]当前的预约次数已经超过了本日限制
[ 2017-11-23 14:34:52 ]当前的预约次数已经超过了本日限制
[ 2017-11-23 14:35:00 ]当前的预约次数已经超过了本日限制
[ 2017-11-23 14:35:07 ]当前的预约次数已经超过了本日限制
[ 2017-11-23 14:35:14 ]当前的预约次数已经超过了本日限制
[ 2017-11-23 14:35:22 ]当前的预约次数已经超过了本日限制
[ 2017-11-23 14:35:31 ]当前的预约次数已经超过了本日限制
[ 2017-11-23 14:35:38 ]当前的预约次数已经超过了本日限制
[ 2017-11-23 14:35:46 ]当前的预约次数已经超过了本日限制
[ 2017-11-23 14:35:54 ]当前的预约次数已经超过了本日限制
[ 2017-11-23 14:36:01 ]当前的预约次数已经超过了本日限制
[ 2017-11-23 14:36:09 ]当前的预约次数已经超过了本日限制
[ 2017-11-23 14:36:17 ]当前的预约次数已经超过了本日限制
[ 2017-11-23 14:36:26 ]当前的预约次数已经超过了本日限制
[ 2017-11-23 14:36:34 ]当前的预约次数已经超过了本日限制
[ 2017-11-23 14:36:42 ]当前的预约次数已经超过了本日限制
[ 2017-11-23 14:36:50 ]当前的预约次数已经超过了本日限制
[ 2017-11-23 14:36:57 ]当前的预约次数已经超过了本日限制
[ 2017-11-23 14:37:06 ]当前的预约次数已经超过了本日限制
[ 2017-11-23 14:37:14 ]当前的预约次数已经超过了本日限制
[ 2017-11-23 14:37:21 ]当前的预约次数已经超过了本日限制
[ 2017-11-23 14:37:28 ]当前的预约次数已经超过了本日限制
[ 2017-11-23 14:37:36 ]当前的预约次数已经超过了本日限制
[ 2017-11-23 14:37:44 ]当前的预约次数已经超过了本日限制
[ 2017-11-23 14:37:51 ]当前的预约次数已经超过了本日限制
[ 2017-11-23 14:38:02 ]当前的预约次数已经超过了本日限制
[ 2017-11-23 14:38:10 ]当前的预约次数已经超过了本日限制
[ 2017-11-23 14:38:18 ]当前的预约次数已经超过了本日限制
[ 2017-11-23 14:38:25 ]当前的预约次数已经超过了本日限制
[ 2017-11-23 14:38:33 ]当前的预约次数已经超过了本日限制
[ 2017-11-23 14:38:41 ]当前的预约次数已经超过了本日限制
[ 2017-11-23 14:38:49 ]当前的预约次数已经超过了本日限制
[ 2017-11-23 14:38:56 ]当前的预约次数已经超过了本日限制
[ 2017-11-23 14:39:03 ]当前的预约次数已经超过了本日限制
[ 2017-11-23 14:39:13 ]当前的预约次数已经超过了本日限制
[ 2017-11-23 14:39:20 ]当前的预约次数已经超过了本日限制
[ 2017-11-23 14:39:27 ]当前的预约次数已经超过了本日限制
[ 2017-11-23 14:39:34 ]当前的预约次数已经超过了本日限制
[ 2017-11-23 14:39:42 ]当前的预约次数已经超过了本日限制
[ 2017-11-23 14:39:50 ]当前的预约次数已经超过了本日限制
[ 2017-11-23 14:39:58 ]当前的预约次数已经超过了本日限制
[ 2017-11-23 14:40:05 ]当前的预约次数已经超过了本日限制
[ 2017-11-23 14:40:13 ]当前的预约次数已经超过了本日限制
[ 2017-11-23 14:40:21 ]当前的预约次数已经超过了本日限制
[ 2017-11-23 14:40:28 ]当前的预约次数已经超过了本日限制
[ 2017-11-23 14:40:36 ]当前的预约次数已经超过了本日限制
[ 2017-11-23 14:40:44 ]当前的预约次数已经超过了本日限制
[ 2017-11-23 14:40:52 ]当前的预约次数已经超过了本日限制
[ 2017-11-23 14:40:59 ]当前的预约次数已经超过了本日限制
[ 2017-11-23 14:41:09 ]当前的预约次数已经超过了本日限制
[ 2017-11-23 14:41:17 ]当前的预约次数已经超过了本日限制
[ 2017-11-23 14:41:25 ]当前的预约次数已经超过了本日限制
[ 2017-11-23 14:41:34 ]当前的预约次数已经超过了本日限制
[ 2017-11-23 14:41:43 ]当前的预约次数已经超过了本日限制
[ 2017-11-23 14:41:52 ]当前的预约次数已经超过了本日限制
[ 2017-11-23 14:42:02 ]当前的预约次数已经超过了本日限制
[ 2017-11-23 14:42:11 ]当前的预约次数已经超过了本日限制
[ 2017-11-23 14:42:20 ]当前的预约次数已经超过了本日限制
[ 2017-11-23 14:42:28 ]当前的预约次数已经超过了本日限制
[ 2017-11-23 14:42:37 ]当前的预约次数已经超过了本日限制
[ 2017-11-23 14:42:44 ]当前的预约次数已经超过了本日限制
[ 2017-11-23 14:42:53 ]当前的预约次数已经超过了本日限制
[ 2017-11-23 14:43:03 ]当前的预约次数已经超过了本日限制
[ 2017-11-23 14:43:12 ]当前的预约次数已经超过了本日限制
[ 2017-11-23 14:43:19 ]当前的预约次数已经超过了本日限制
[ 2017-11-23 14:43:30 ]当前的预约次数已经超过了本日限制
[ 2017-11-23 14:43:37 ]当前的预约次数已经超过了本日限制
[ 2017-11-23 14:43:44 ]当前的预约次数已经超过了本日限制
[ 2017-11-23 14:43:52 ]当前的预约次数已经超过了本日限制
[ 2017-11-23 14:44:00 ]当前的预约次数已经超过了本日限制
[ 2017-11-23 14:44:07 ]当前的预约次数已经超过了本日限制
[ 2017-11-23 14:44:15 ]当前的预约次数已经超过了本日限制
[ 2017-11-23 14:44:26 ]当前的预约次数已经超过了本日限制
[ 2017-11-23 14:44:33 ]当前的预约次数已经超过了本日限制
[ 2017-11-23 14:44:41 ]当前的预约次数已经超过了本日限制
[ 2017-11-23 14:44:48 ]当前的预约次数已经超过了本日限制
[ 2017-11-23 14:44:55 ]当前的预约次数已经超过了本日限制
[ 2017-11-23 14:45:03 ]当前的预约次数已经超过了本日限制
[ 2017-11-23 14:45:11 ]当前的预约次数已经超过了本日限制
[ 2017-11-23 14:45:22 ]当前的预约次数已经超过了本日限制
[ 2017-11-23 14:45:29 ]当前的预约次数已经超过了本日限制
[ 2017-11-23 14:45:37 ]当前的预约次数已经超过了本日限制
[ 2017-11-23 14:45:45 ]当前的预约次数已经超过了本日限制
[ 2017-11-23 14:45:52 ]当前的预约次数已经超过了本日限制
[ 2017-11-23 14:45:59 ]当前的预约次数已经超过了本日限制
[ 2017-11-23 14:46:07 ]当前的预约次数已经超过了本日限制
[ 2017-11-23 14:46:15 ]当前的预约次数已经超过了本日限制
[ 2017-11-23 14:46:23 ]当前的预约次数已经超过了本日限制
[ 2017-11-23 14:46:32 ]当前的预约次数已经超过了本日限制
[ 2017-11-23 14:46:39 ]当前的预约次数已经超过了本日限制
[ 2017-11-23 14:46:47 ]当前的预约次数已经超过了本日限制
[ 2017-11-23 14:46:54 ]当前的预约次数已经超过了本日限制
[ 2017-11-23 14:47:03 ]当前的预约次数已经超过了本日限制
[ 2017-11-23 14:47:10 ]当前的预约次数已经超过了本日限制
[ 2017-11-23 14:47:21 ]当前的预约次数已经超过了本日限制
[ 2017-11-23 14:47:28 ]当前的预约次数已经超过了本日限制
[ 2017-11-23 14:47:35 ]当前的预约次数已经超过了本日限制
[ 2017-11-23 14:47:43 ]当前的预约次数已经超过了本日限制
[ 2017-11-23 14:47:50 ]当前的预约次数已经超过了本日限制
[ 2017-11-23 14:47:57 ]当前的预约次数已经超过了本日限制
[ 2017-11-23 14:48:05 ]当前的预约次数已经超过了本日限制
[ 2017-11-23 14:48:12 ]当前的预约次数已经超过了本日限制
[ 2017-11-23 14:48:19 ]当前的预约次数已经超过了本日限制
[ 2017-11-23 14:48:27 ]当前的预约次数已经超过了本日限制
[ 2017-11-23 14:48:34 ]当前的预约次数已经超过了本日限制
[ 2017-11-23 14:48:41 ]当前的预约次数已经超过了本日限制
[ 2017-11-23 14:48:48 ]当前的预约次数已经超过了本日限制
[ 2017-11-23 14:48:55 ]当前的预约次数已经超过了本日限制
[ 2017-11-23 14:49:04 ]当前的预约次数已经超过了本日限制
[ 2017-11-23 14:49:12 ]当前的预约次数已经超过了本日限制
[ 2017-11-23 14:49:19 ]当前的预约次数已经超过了本日限制
[ 2017-11-23 14:49:27 ]当前的预约次数已经超过了本日限制
[ 2017-11-23 14:49:34 ]当前的预约次数已经超过了本日限制
[ 2017-11-23 14:49:42 ]当前的预约次数已经超过了本日限制
[ 2017-11-23 14:49:50 ]当前的预约次数已经超过了本日限制
[ 2017-11-23 14:49:57 ]当前的预约次数已经超过了本日限制
[ 2017-11-23 14:50:05 ]当前的预约次数已经超过了本日限制
[ 2017-11-23 14:50:12 ]当前的预约次数已经超过了本日限制
[ 2017-11-23 14:50:19 ]当前的预约次数已经超过了本日限制
[ 2017-11-23 14:50:27 ]当前的预约次数已经超过了本日限制
[ 2017-11-23 14:50:35 ]当前的预约次数已经超过了本日限制
[ 2017-11-23 14:50:43 ]当前的预约次数已经超过了本日限制
[ 2017-11-23 14:50:51 ]当前的预约次数已经超过了本日限制
[ 2017-11-23 14:50:59 ]当前的预约次数已经超过了本日限制
[ 2017-11-23 14:51:06 ]当前的预约次数已经超过了本日限制
[ 2017-11-23 14:51:14 ]当前的预约次数已经超过了本日限制
[ 2017-11-23 14:51:22 ]当前的预约次数已经超过了本日限制
[ 2017-11-23 14:51:29 ]当前的预约次数已经超过了本日限制
[ 2017-11-23 14:51:36 ]当前的预约次数已经超过了本日限制
[ 2017-11-23 14:51:44 ]当前的预约次数已经超过了本日限制
[ 2017-11-23 14:51:52 ]当前的预约次数已经超过了本日限制
[ 2017-11-23 14:51:59 ]当前的预约次数已经超过了本日限制
[ 2017-11-23 14:52:07 ]当前的预约次数已经超过了本日限制
[ 2017-11-23 14:52:14 ]当前的预约次数已经超过了本日限制
[ 2017-11-23 14:52:22 ]当前的预约次数已经超过了本日限制
[ 2017-11-23 14:52:29 ]当前的预约次数已经超过了本日限制
[ 2017-11-23 14:52:36 ]当前的预约次数已经超过了本日限制
[ 2017-11-23 14:52:43 ]当前的预约次数已经超过了本日限制
[ 2017-11-23 14:52:50 ]当前的预约次数已经超过了本日限制
[ 2017-11-23 14:52:58 ]当前的预约次数已经超过了本日限制
[ 2017-11-23 14:53:05 ]当前的预约次数已经超过了本日限制
[ 2017-11-23 14:53:12 ]当前的预约次数已经超过了本日限制
[ 2017-11-23 14:53:23 ]当前的预约次数已经超过了本日限制
[ 2017-11-23 14:53:32 ]当前的预约次数已经超过了本日限制
[ 2017-11-23 14:53:39 ]当前的预约次数已经超过了本日限制
[ 2017-11-23 14:53:47 ]当前的预约次数已经超过了本日限制
[ 2017-11-23 14:53:55 ]当前的预约次数已经超过了本日限制
[ 2017-11-23 14:54:02 ]当前的预约次数已经超过了本日限制
[ 2017-11-23 14:54:09 ]当前的预约次数已经超过了本日限制
[ 2017-11-23 14:54:17 ]当前的预约次数已经超过了本日限制
[ 2017-11-23 14:54:24 ]当前的预约次数已经超过了本日限制
[ 2017-11-23 14:54:31 ]当前的预约次数已经超过了本日限制
[ 2017-11-23 14:54:38 ]当前的预约次数已经超过了本日限制
[ 2017-11-23 14:54:45 ]当前的预约次数已经超过了本日限制
[ 2017-11-23 14:54:53 ]当前的预约次数已经超过了本日限制
[ 2017-11-23 14:55:00 ]当前的预约次数已经超过了本日限制
[ 2017-11-23 14:55:08 ]当前的预约次数已经超过了本日限制
[ 2017-11-23 14:55:16 ]当前的预约次数已经超过了本日限制
[ 2017-11-23 14:55:26 ]当前的预约次数已经超过了本日限制
[ 2017-11-23 14:55:34 ]当前的预约次数已经超过了本日限制
[ 2017-11-23 14:55:42 ]当前的预约次数已经超过了本日限制
[ 2017-11-23 14:55:49 ]当前的预约次数已经超过了本日限制
[ 2017-11-23 14:55:57 ]当前的预约次数已经超过了本日限制
[ 2017-11-23 14:56:05 ]当前的预约次数已经超过了本日限制
[ 2017-11-23 14:56:13 ]当前的预约次数已经超过了本日限制
[ 2017-11-23 14:56:21 ]当前的预约次数已经超过了本日限制
[ 2017-11-23 14:56:28 ]当前的预约次数已经超过了本日限制
[ 2017-11-23 14:56:35 ]当前的预约次数已经超过了本日限制
[ 2017-11-23 14:56:43 ]当前的预约次数已经超过了本日限制
[ 2017-11-23 14:56:50 ]当前的预约次数已经超过了本日限制
[ 2017-11-23 14:56:58 ]当前的预约次数已经超过了本日限制
[ 2017-11-23 14:57:06 ]当前的预约次数已经超过了本日限制
[ 2017-11-23 14:57:14 ]当前的预约次数已经超过了本日限制
[ 2017-11-23 14:57:21 ]当前的预约次数已经超过了本日限制
[ 2017-11-23 14:57:29 ]当前的预约次数已经超过了本日限制
[ 2017-11-23 14:57:36 ]当前的预约次数已经超过了本日限制
[ 2017-11-23 14:57:43 ]当前的预约次数已经超过了本日限制
[ 2017-11-23 14:57:52 ]当前的预约次数已经超过了本日限制
[ 2017-11-23 14:58:01 ]当前的预约次数已经超过了本日限制
[ 2017-11-23 14:58:09 ]当前的预约次数已经超过了本日限制
[ 2017-11-23 14:58:18 ]当前的预约次数已经超过了本日限制
[ 2017-11-23 14:58:25 ]当前的预约次数已经超过了本日限制
[ 2017-11-23 14:58:32 ]当前的预约次数已经超过了本日限制
[ 2017-11-23 14:58:40 ]当前的预约次数已经超过了本日限制
[ 2017-11-23 14:58:48 ]当前的预约次数已经超过了本日限制
[ 2017-11-23 14:58:55 ]当前的预约次数已经超过了本日限制
[ 2017-11-23 14:59:03 ]当前的预约次数已经超过了本日限制
[ 2017-11-23 14:59:11 ]当前的预约次数已经超过了本日限制
[ 2017-11-23 14:59:18 ]当前的预约次数已经超过了本日限制
[ 2017-11-23 14:59:27 ]当前的预约次数已经超过了本日限制
[ 2017-11-23 14:59:34 ]当前的预约次数已经超过了本日限制
[ 2017-11-23 14:59:42 ]当前的预约次数已经超过了本日限制
[ 2017-11-23 14:59:50 ]当前的预约次数已经超过了本日限制
[ 2017-11-23 14:59:59 ]当前的预约次数已经超过了本日限制
[ 2017-11-23 15:00:07 ]当前的预约次数已经超过了本日限制
[ 2017-11-23 15:00:16 ]当前的预约次数已经超过了本日限制
[ 2017-11-23 15:00:24 ]当前的预约次数已经超过了本日限制
[ 2017-11-23 15:00:31 ]当前的预约次数已经超过了本日限制
[ 2017-11-23 15:00:38 ]当前的预约次数已经超过了本日限制
[ 2017-11-23 15:00:47 ]当前的预约次数已经超过了本日限制
[ 2017-11-23 15:00:55 ]当前的预约次数已经超过了本日限制
[ 2017-11-23 15:01:03 ]当前的预约次数已经超过了本日限制
[ 2017-11-23 15:01:10 ]当前的预约次数已经超过了本日限制
[ 2017-11-23 15:01:19 ]当前的预约次数已经超过了本日限制
[ 2017-11-23 15:01:26 ]当前的预约次数已经超过了本日限制
[ 2017-11-23 15:01:34 ]当前的预约次数已经超过了本日限制
[ 2017-11-23 15:01:42 ]当前的预约次数已经超过了本日限制
[ 2017-11-23 15:01:49 ]当前的预约次数已经超过了本日限制
[ 2017-11-23 15:01:56 ]当前的预约次数已经超过了本日限制
[ 2017-11-23 15:02:04 ]当前的预约次数已经超过了本日限制
[ 2017-11-23 15:02:11 ]当前的预约次数已经超过了本日限制
[ 2017-11-23 15:02:19 ]当前的预约次数已经超过了本日限制
[ 2017-11-23 15:02:26 ]当前的预约次数已经超过了本日限制
[ 2017-11-23 15:02:34 ]当前的预约次数已经超过了本日限制
[ 2017-11-23 15:02:41 ]当前的预约次数已经超过了本日限制
[ 2017-11-23 15:02:49 ]当前的预约次数已经超过了本日限制
[ 2017-11-23 15:02:57 ]当前的预约次数已经超过了本日限制
[ 2017-11-23 15:03:07 ]当前的预约次数已经超过了本日限制
[ 2017-11-23 15:03:15 ]当前的预约次数已经超过了本日限制
[ 2017-11-23 15:03:23 ]当前的预约次数已经超过了本日限制
[ 2017-11-23 15:03:30 ]当前的预约次数已经超过了本日限制
[ 2017-11-23 15:03:37 ]当前的预约次数已经超过了本日限制
[ 2017-11-23 15:03:44 ]当前的预约次数已经超过了本日限制
[ 2017-11-23 15:03:53 ]当前的预约次数已经超过了本日限制
[ 2017-11-23 15:04:01 ]当前的预约次数已经超过了本日限制
[ 2017-11-23 15:04:10 ]当前的预约次数已经超过了本日限制
[ 2017-11-23 15:04:20 ]当前的预约次数已经超过了本日限制
[ 2017-11-23 15:04:28 ]当前的预约次数已经超过了本日限制
[ 2017-11-23 15:04:37 ]当前的预约次数已经超过了本日限制
[ 2017-11-23 15:04:44 ]当前的预约次数已经超过了本日限制
[ 2017-11-23 15:04:53 ]当前的预约次数已经超过了本日限制
[ 2017-11-23 15:05:00 ]当前的预约次数已经超过了本日限制
[ 2017-11-23 15:05:07 ]当前的预约次数已经超过了本日限制
[ 2017-11-23 15:05:18 ]当前的预约次数已经超过了本日限制
[ 2017-11-23 15:05:27 ]当前的预约次数已经超过了本日限制
[ 2017-11-23 15:05:35 ]当前的预约次数已经超过了本日限制
[ 2017-11-23 15:05:43 ]当前的预约次数已经超过了本日限制
[ 2017-11-23 15:05:52 ]当前的预约次数已经超过了本日限制
[ 2017-11-23 15:06:02 ]当前的预约次数已经超过了本日限制
[ 2017-11-23 15:06:10 ]当前的预约次数已经超过了本日限制
[ 2017-11-23 15:06:19 ]当前的预约次数已经超过了本日限制
[ 2017-11-23 15:06:29 ]当前的预约次数已经超过了本日限制
[ 2017-11-23 15:06:37 ]当前的预约次数已经超过了本日限制
[ 2017-11-23 15:06:45 ]当前的预约次数已经超过了本日限制
[ 2017-11-23 15:06:53 ]当前的预约次数已经超过了本日限制
[ 2017-11-23 15:07:02 ]当前的预约次数已经超过了本日限制
[ 2017-11-23 15:07:10 ]当前的预约次数已经超过了本日限制
[ 2017-11-23 15:07:22 ]当前的预约次数已经超过了本日限制
[ 2017-11-23 15:07:29 ]当前的预约次数已经超过了本日限制
[ 2017-11-23 15:07:38 ]当前的预约次数已经超过了本日限制
[ 2017-11-23 15:07:46 ]当前的预约次数已经超过了本日限制
[ 2017-11-23 15:07:53 ]当前的预约次数已经超过了本日限制
[ 2017-11-23 15:08:00 ]当前的预约次数已经超过了本日限制
[ 2017-11-23 15:08:09 ]当前的预约次数已经超过了本日限制
[ 2017-11-23 15:08:17 ]当前的预约次数已经超过了本日限制
[ 2017-11-23 15:08:26 ]当前的预约次数已经超过了本日限制
[ 2017-11-23 15:08:33 ]当前的预约次数已经超过了本日限制
[ 2017-11-23 15:08:41 ]当前的预约次数已经超过了本日限制
[ 2017-11-23 15:08:48 ]当前的预约次数已经超过了本日限制
[ 2017-11-23 15:08:56 ]当前的预约次数已经超过了本日限制
[ 2017-11-23 15:09:03 ]当前的预约次数已经超过了本日限制
[ 2017-11-23 15:09:10 ]当前的预约次数已经超过了本日限制
[ 2017-11-23 15:09:18 ]当前的预约次数已经超过了本日限制
[ 2017-11-23 15:09:25 ]当前的预约次数已经超过了本日限制
[ 2017-11-23 15:09:32 ]当前的预约次数已经超过了本日限制
[ 2017-11-23 15:09:42 ]当前的预约次数已经超过了本日限制
[ 2017-11-23 15:09:50 ]当前的预约次数已经超过了本日限制
[ 2017-11-23 15:09:57 ]当前的预约次数已经超过了本日限制
[ 2017-11-23 15:10:04 ]当前的预约次数已经超过了本日限制
[ 2017-11-23 15:10:13 ]当前的预约次数已经超过了本日限制
[ 2017-11-23 15:10:23 ]当前的预约次数已经超过了本日限制
[ 2017-11-23 15:10:32 ]当前的预约次数已经超过了本日限制
[ 2017-11-23 15:10:39 ]当前的预约次数已经超过了本日限制
[ 2017-11-23 15:10:46 ]当前的预约次数已经超过了本日限制
[ 2017-11-23 15:10:54 ]当前的预约次数已经超过了本日限制
[ 2017-11-23 15:11:01 ]当前的预约次数已经超过了本日限制
[ 2017-11-23 15:11:11 ]当前的预约次数已经超过了本日限制
[ 2017-11-23 15:11:18 ]当前的预约次数已经超过了本日限制
[ 2017-11-23 15:11:27 ]当前的预约次数已经超过了本日限制
[ 2017-11-23 15:11:34 ]当前的预约次数已经超过了本日限制
[ 2017-11-23 15:11:43 ]当前的预约次数已经超过了本日限制
[ 2017-11-23 15:11:52 ]当前的预约次数已经超过了本日限制
[ 2017-11-23 15:12:00 ]当前的预约次数已经超过了本日限制
[ 2017-11-23 15:12:08 ]当前的预约次数已经超过了本日限制
[ 2017-11-23 15:12:16 ]当前的预约次数已经超过了本日限制
[ 2017-11-23 15:12:25 ]当前的预约次数已经超过了本日限制
[ 2017-11-23 15:12:32 ]当前的预约次数已经超过了本日限制
[ 2017-11-23 15:12:41 ]当前的预约次数已经超过了本日限制
[ 2017-11-23 15:12:48 ]当前的预约次数已经超过了本日限制
[ 2017-11-23 15:12:57 ]当前的预约次数已经超过了本日限制
[ 2017-11-23 15:13:05 ]当前的预约次数已经超过了本日限制
[ 2017-11-23 15:13:12 ]当前的预约次数已经超过了本日限制
[ 2017-11-23 15:13:20 ]当前的预约次数已经超过了本日限制
[ 2017-11-23 15:13:27 ]当前的预约次数已经超过了本日限制
[ 2017-11-23 15:13:34 ]当前的预约次数已经超过了本日限制
[ 2017-11-23 15:13:41 ]当前的预约次数已经超过了本日限制
[ 2017-11-23 15:13:49 ]当前的预约次数已经超过了本日限制
[ 2017-11-23 15:13:56 ]当前的预约次数已经超过了本日限制
[ 2017-11-23 15:14:03 ]当前的预约次数已经超过了本日限制
[ 2017-11-23 15:14:12 ]当前的预约次数已经超过了本日限制
[ 2017-11-23 15:14:19 ]当前的预约次数已经超过了本日限制
[ 2017-11-23 15:14:26 ]当前的预约次数已经超过了本日限制
[ 2017-11-23 15:14:34 ]当前的预约次数已经超过了本日限制
[ 2017-11-23 15:14:41 ]当前的预约次数已经超过了本日限制
[ 2017-11-23 15:14:50 ]当前的预约次数已经超过了本日限制
[ 2017-11-23 15:14:58 ]当前的预约次数已经超过了本日限制
[ 2017-11-23 15:15:07 ]当前的预约次数已经超过了本日限制
[ 2017-11-23 15:15:16 ]当前的预约次数已经超过了本日限制
[ 2017-11-23 15:15:25 ]当前的预约次数已经超过了本日限制
[ 2017-11-23 15:15:32 ]当前的预约次数已经超过了本日限制
[ 2017-11-23 15:15:39 ]当前的预约次数已经超过了本日限制
[ 2017-11-23 15:15:49 ]当前的预约次数已经超过了本日限制
[ 2017-11-23 15:15:57 ]当前的预约次数已经超过了本日限制
[ 2017-11-23 15:16:04 ]当前的预约次数已经超过了本日限制
[ 2017-11-23 15:16:11 ]当前的预约次数已经超过了本日限制
[ 2017-11-23 15:16:18 ]当前的预约次数已经超过了本日限制
[ 2017-11-23 15:16:26 ]当前的预约次数已经超过了本日限制
[ 2017-11-23 15:16:34 ]当前的预约次数已经超过了本日限制
[ 2017-11-23 15:16:41 ]当前的预约次数已经超过了本日限制
[ 2017-11-23 15:16:48 ]当前的预约次数已经超过了本日限制
[ 2017-11-23 15:16:57 ]当前的预约次数已经超过了本日限制
[ 2017-11-23 15:17:04 ]当前的预约次数已经超过了本日限制
[ 2017-11-23 15:17:13 ]当前的预约次数已经超过了本日限制
[ 2017-11-23 15:17:20 ]当前的预约次数已经超过了本日限制
[ 2017-11-23 15:17:27 ]当前的预约次数已经超过了本日限制
[ 2017-11-23 15:17:35 ]当前的预约次数已经超过了本日限制
[ 2017-11-23 15:17:43 ]当前的预约次数已经超过了本日限制
[ 2017-11-23 15:17:51 ]当前的预约次数已经超过了本日限制
[ 2017-11-23 15:17:58 ]当前的预约次数已经超过了本日限制
[ 2017-11-23 15:18:05 ]当前的预约次数已经超过了本日限制
[ 2017-11-23 15:18:13 ]当前的预约次数已经超过了本日限制
[ 2017-11-23 15:18:20 ]当前的预约次数已经超过了本日限制
[ 2017-11-23 15:18:28 ]当前的预约次数已经超过了本日限制
[ 2017-11-23 15:18:35 ]当前的预约次数已经超过了本日限制
[ 2017-11-23 15:18:42 ]当前的预约次数已经超过了本日限制
[ 2017-11-23 15:18:49 ]当前的预约次数已经超过了本日限制
[ 2017-11-23 15:18:57 ]当前的预约次数已经超过了本日限制
[ 2017-11-23 15:19:04 ]当前的预约次数已经超过了本日限制
[ 2017-11-23 15:19:11 ]当前的预约次数已经超过了本日限制
[ 2017-11-23 15:19:19 ]当前的预约次数已经超过了本日限制
[ 2017-11-23 15:19:26 ]当前的预约次数已经超过了本日限制
[ 2017-11-23 15:19:35 ]当前的预约次数已经超过了本日限制
[ 2017-11-23 15:19:42 ]当前的预约次数已经超过了本日限制
[ 2017-11-23 15:19:49 ]当前的预约次数已经超过了本日限制
[ 2017-11-23 15:19:57 ]当前的预约次数已经超过了本日限制
[ 2017-11-23 15:20:05 ]当前的预约次数已经超过了本日限制
[ 2017-11-23 15:20:14 ]当前的预约次数已经超过了本日限制
[ 2017-11-23 15:20:24 ]当前的预约次数已经超过了本日限制
[ 2017-11-23 15:20:32 ]当前的预约次数已经超过了本日限制
[ 2017-11-23 15:20:39 ]当前的预约次数已经超过了本日限制
[ 2017-11-23 15:20:48 ]当前的预约次数已经超过了本日限制
[ 2017-11-23 15:20:56 ]当前的预约次数已经超过了本日限制
[ 2017-11-23 15:21:10 ]当前的预约次数已经超过了本日限制
[ 2017-11-23 15:21:17 ]当前的预约次数已经超过了本日限制
[ 2017-11-23 15:21:26 ]当前的预约次数已经超过了本日限制
[ 2017-11-23 15:21:34 ]当前的预约次数已经超过了本日限制
[ 2017-11-23 15:21:41 ]当前的预约次数已经超过了本日限制
[ 2017-11-23 15:21:49 ]当前的预约次数已经超过了本日限制
[ 2017-11-23 15:21:57 ]当前的预约次数已经超过了本日限制
[ 2017-11-23 15:22:05 ]当前的预约次数已经超过了本日限制
[ 2017-11-23 15:22:12 ]当前的预约次数已经超过了本日限制
[ 2017-11-23 15:22:19 ]当前的预约次数已经超过了本日限制
[ 2017-11-23 15:22:27 ]当前的预约次数已经超过了本日限制
[ 2017-11-23 15:22:35 ]当前的预约次数已经超过了本日限制
[ 2017-11-23 15:22:43 ]当前的预约次数已经超过了本日限制
[ 2017-11-23 15:22:50 ]当前的预约次数已经超过了本日限制
[ 2017-11-23 15:22:58 ]当前的预约次数已经超过了本日限制
[ 2017-11-23 15:23:05 ]当前的预约次数已经超过了本日限制
[ 2017-11-23 15:23:12 ]当前的预约次数已经超过了本日限制
[ 2017-11-23 15:23:20 ]当前的预约次数已经超过了本日限制
[ 2017-11-23 15:23:27 ]当前的预约次数已经超过了本日限制
[ 2017-11-23 15:23:35 ]当前的预约次数已经超过了本日限制
[ 2017-11-23 15:23:42 ]当前的预约次数已经超过了本日限制
[ 2017-11-23 15:23:50 ]当前的预约次数已经超过了本日限制
[ 2017-11-23 15:23:58 ]当前的预约次数已经超过了本日限制
[ 2017-11-23 15:24:05 ]当前的预约次数已经超过了本日限制
[ 2017-11-23 15:24:13 ]当前的预约次数已经超过了本日限制
[ 2017-11-23 15:24:20 ]当前的预约次数已经超过了本日限制
[ 2017-11-23 15:24:28 ]当前的预约次数已经超过了本日限制
[ 2017-11-23 15:24:35 ]当前的预约次数已经超过了本日限制
[ 2017-11-23 15:24:42 ]当前的预约次数已经超过了本日限制
[ 2017-11-23 15:24:53 ]当前的预约次数已经超过了本日限制
[ 2017-11-23 15:25:00 ]当前的预约次数已经超过了本日限制
[ 2017-11-23 15:25:08 ]当前的预约次数已经超过了本日限制
[ 2017-11-23 15:25:16 ]当前的预约次数已经超过了本日限制
[ 2017-11-23 15:25:24 ]当前的预约次数已经超过了本日限制
[ 2017-11-23 15:25:33 ]当前的预约次数已经超过了本日限制
[ 2017-11-23 15:25:40 ]当前的预约次数已经超过了本日限制
[ 2017-11-23 15:25:47 ]当前的预约次数已经超过了本日限制
[ 2017-11-23 15:25:55 ]当前的预约次数已经超过了本日限制
[ 2017-11-23 15:26:02 ]当前的预约次数已经超过了本日限制
[ 2017-11-23 15:26:09 ]当前的预约次数已经超过了本日限制
[ 2017-11-23 15:26:17 ]当前的预约次数已经超过了本日限制
[ 2017-11-23 15:26:24 ]当前的预约次数已经超过了本日限制
[ 2017-11-23 15:26:32 ]当前的预约次数已经超过了本日限制
[ 2017-11-23 15:26:39 ]当前的预约次数已经超过了本日限制
[ 2017-11-23 15:26:47 ]当前的预约次数已经超过了本日限制
[ 2017-11-23 15:26:55 ]当前的预约次数已经超过了本日限制
[ 2017-11-23 15:27:03 ]当前的预约次数已经超过了本日限制
[ 2017-11-23 15:27:10 ]当前的预约次数已经超过了本日限制
[ 2017-11-23 15:27:18 ]当前的预约次数已经超过了本日限制
[ 2017-11-23 15:27:26 ]当前的预约次数已经超过了本日限制
[ 2017-11-23 15:27:34 ]当前的预约次数已经超过了本日限制
[ 2017-11-23 15:27:41 ]当前的预约次数已经超过了本日限制
[ 2017-11-23 15:27:48 ]当前的预约次数已经超过了本日限制
[ 2017-11-23 15:27:56 ]当前的预约次数已经超过了本日限制
[ 2017-11-23 15:28:03 ]当前的预约次数已经超过了本日限制
[ 2017-11-23 15:28:11 ]当前的预约次数已经超过了本日限制
[ 2017-11-23 15:28:18 ]当前的预约次数已经超过了本日限制
[ 2017-11-23 15:28:25 ]当前的预约次数已经超过了本日限制
[ 2017-11-23 15:28:34 ]当前的预约次数已经超过了本日限制
[ 2017-11-23 15:28:41 ]当前的预约次数已经超过了本日限制
[ 2017-11-23 15:28:50 ]当前的预约次数已经超过了本日限制
[ 2017-11-23 15:28:58 ]当前的预约次数已经超过了本日限制
[ 2017-11-23 15:29:05 ]当前的预约次数已经超过了本日限制
[ 2017-11-23 15:29:13 ]当前的预约次数已经超过了本日限制
[ 2017-11-23 15:29:22 ]当前的预约次数已经超过了本日限制
[ 2017-11-23 15:29:29 ]当前的预约次数已经超过了本日限制
[ 2017-11-23 15:29:36 ]当前的预约次数已经超过了本日限制
[ 2017-11-23 15:29:43 ]当前的预约次数已经超过了本日限制
[ 2017-11-23 15:29:50 ]当前的预约次数已经超过了本日限制
[ 2017-11-23 15:29:58 ]当前的预约次数已经超过了本日限制
[ 2017-11-23 15:30:05 ]当前的预约次数已经超过了本日限制
[ 2017-11-23 15:30:13 ]当前的预约次数已经超过了本日限制
[ 2017-11-23 15:30:22 ]当前的预约次数已经超过了本日限制
[ 2017-11-23 15:30:30 ]当前的预约次数已经超过了本日限制
[ 2017-11-23 15:30:37 ]当前的预约次数已经超过了本日限制
[ 2017-11-23 15:30:44 ]当前的预约次数已经超过了本日限制
[ 2017-11-23 15:30:52 ]当前的预约次数已经超过了本日限制
[ 2017-11-23 15:30:59 ]当前的预约次数已经超过了本日限制
[ 2017-11-23 15:31:06 ]当前的预约次数已经超过了本日限制
[ 2017-11-23 15:31:16 ]当前的预约次数已经超过了本日限制
[ 2017-11-23 15:31:24 ]当前的预约次数已经超过了本日限制
[ 2017-11-23 15:31:31 ]当前的预约次数已经超过了本日限制
[ 2017-11-23 15:31:39 ]当前的预约次数已经超过了本日限制
[ 2017-11-23 15:31:46 ]当前的预约次数已经超过了本日限制
[ 2017-11-23 15:31:53 ]当前的预约次数已经超过了本日限制
[ 2017-11-23 15:32:01 ]当前的预约次数已经超过了本日限制
[ 2017-11-23 15:32:09 ]当前的预约次数已经超过了本日限制
[ 2017-11-23 15:32:19 ]当前的预约次数已经超过了本日限制
[ 2017-11-23 15:32:26 ]当前的预约次数已经超过了本日限制
[ 2017-11-23 15:32:38 ]当前的预约次数已经超过了本日限制
[ 2017-11-23 15:32:47 ]当前的预约次数已经超过了本日限制
[ 2017-11-23 15:32:54 ]当前的预约次数已经超过了本日限制
[ 2017-11-23 15:33:03 ]当前的预约次数已经超过了本日限制
[ 2017-11-23 15:33:10 ]当前的预约次数已经超过了本日限制
[ 2017-11-23 15:33:17 ]当前的预约次数已经超过了本日限制
[ 2017-11-23 15:33:27 ]当前的预约次数已经超过了本日限制
[ 2017-11-23 15:33:34 ]当前的预约次数已经超过了本日限制
[ 2017-11-23 15:33:41 ]当前的预约次数已经超过了本日限制
[ 2017-11-23 15:33:48 ]当前的预约次数已经超过了本日限制
[ 2017-11-23 15:33:56 ]当前的预约次数已经超过了本日限制
[ 2017-11-23 15:34:03 ]当前的预约次数已经超过了本日限制
[ 2017-11-23 15:34:11 ]当前的预约次数已经超过了本日限制
[ 2017-11-23 15:34:19 ]当前的预约次数已经超过了本日限制
[ 2017-11-23 15:34:26 ]当前的预约次数已经超过了本日限制
[ 2017-11-23 15:34:34 ]当前的预约次数已经超过了本日限制
[ 2017-11-23 15:34:41 ]当前的预约次数已经超过了本日限制
[ 2017-11-23 15:34:48 ]当前的预约次数已经超过了本日限制
[ 2017-11-23 15:34:56 ]当前的预约次数已经超过了本日限制
[ 2017-11-23 15:35:03 ]当前的预约次数已经超过了本日限制
[ 2017-11-23 15:35:10 ]当前的预约次数已经超过了本日限制
[ 2017-11-23 15:35:17 ]当前的预约次数已经超过了本日限制
[ 2017-11-23 15:35:25 ]当前的预约次数已经超过了本日限制
[ 2017-11-23 15:35:32 ]当前的预约次数已经超过了本日限制
[ 2017-11-23 15:35:40 ]当前的预约次数已经超过了本日限制
[ 2017-11-23 15:35:47 ]当前的预约次数已经超过了本日限制
[ 2017-11-23 15:35:55 ]当前的预约次数已经超过了本日限制
[ 2017-11-23 15:36:02 ]当前的预约次数已经超过了本日限制
[ 2017-11-23 15:36:09 ]当前的预约次数已经超过了本日限制
[ 2017-11-23 15:36:17 ]当前的预约次数已经超过了本日限制
[ 2017-11-23 15:36:24 ]当前的预约次数已经超过了本日限制
[ 2017-11-23 15:36:32 ]当前的预约次数已经超过了本日限制
[ 2017-11-23 15:36:39 ]当前的预约次数已经超过了本日限制
[ 2017-11-23 15:36:46 ]当前的预约次数已经超过了本日限制
[ 2017-11-23 15:36:53 ]当前的预约次数已经超过了本日限制
[ 2017-11-23 15:37:01 ]当前的预约次数已经超过了本日限制
[ 2017-11-23 15:37:10 ]当前的预约次数已经超过了本日限制
[ 2017-11-23 15:37:17 ]当前的预约次数已经超过了本日限制
[ 2017-11-23 15:37:25 ]当前的预约次数已经超过了本日限制
[ 2017-11-23 15:37:33 ]当前的预约次数已经超过了本日限制
[ 2017-11-23 15:37:41 ]当前的预约次数已经超过了本日限制
[ 2017-11-23 15:37:49 ]当前的预约次数已经超过了本日限制
[ 2017-11-23 15:37:58 ]当前的预约次数已经超过了本日限制
[ 2017-11-23 15:38:05 ]当前的预约次数已经超过了本日限制
[ 2017-11-23 15:38:12 ]当前的预约次数已经超过了本日限制
[ 2017-11-23 15:38:22 ]当前的预约次数已经超过了本日限制
[ 2017-11-23 15:38:32 ]当前的预约次数已经超过了本日限制
[ 2017-11-23 15:38:40 ]当前的预约次数已经超过了本日限制
[ 2017-11-23 15:38:48 ]当前的预约次数已经超过了本日限制
[ 2017-11-23 15:38:55 ]当前的预约次数已经超过了本日限制
[ 2017-11-23 15:39:05 ]当前的预约次数已经超过了本日限制
[ 2017-11-23 15:39:13 ]当前的预约次数已经超过了本日限制
[ 2017-11-23 15:39:20 ]当前的预约次数已经超过了本日限制
[ 2017-11-23 15:39:27 ]当前的预约次数已经超过了本日限制
[ 2017-11-23 15:39:34 ]当前的预约次数已经超过了本日限制
[ 2017-11-23 15:39:41 ]当前的预约次数已经超过了本日限制
[ 2017-11-23 15:39:48 ]当前的预约次数已经超过了本日限制
[ 2017-11-23 15:39:55 ]当前的预约次数已经超过了本日限制
[ 2017-11-23 15:40:03 ]当前的预约次数已经超过了本日限制
[ 2017-11-23 15:40:11 ]当前的预约次数已经超过了本日限制
[ 2017-11-23 15:40:19 ]当前的预约次数已经超过了本日限制
[ 2017-11-23 15:40:27 ]当前的预约次数已经超过了本日限制
[ 2017-11-23 15:40:34 ]当前的预约次数已经超过了本日限制
[ 2017-11-23 15:40:42 ]当前的预约次数已经超过了本日限制
[ 2017-11-23 15:40:49 ]当前的预约次数已经超过了本日限制
[ 2017-11-23 15:40:56 ]当前的预约次数已经超过了本日限制
[ 2017-11-23 15:41:03 ]当前的预约次数已经超过了本日限制
[ 2017-11-23 15:41:11 ]当前的预约次数已经超过了本日限制
[ 2017-11-23 15:41:20 ]当前的预约次数已经超过了本日限制
[ 2017-11-23 15:41:27 ]当前的预约次数已经超过了本日限制
[ 2017-11-23 15:41:35 ]当前的预约次数已经超过了本日限制
[ 2017-11-23 15:41:43 ]当前的预约次数已经超过了本日限制
[ 2017-11-23 15:41:51 ]当前的预约次数已经超过了本日限制
[ 2017-11-23 15:41:58 ]当前的预约次数已经超过了本日限制
[ 2017-11-23 15:42:07 ]当前的预约次数已经超过了本日限制
[ 2017-11-23 15:42:14 ]当前的预约次数已经超过了本日限制
[ 2017-11-23 15:42:22 ]当前的预约次数已经超过了本日限制
[ 2017-11-23 15:42:30 ]当前的预约次数已经超过了本日限制
[ 2017-11-23 15:42:37 ]当前的预约次数已经超过了本日限制
[ 2017-11-23 15:42:45 ]当前的预约次数已经超过了本日限制
[ 2017-11-23 15:42:53 ]当前的预约次数已经超过了本日限制
[ 2017-11-23 15:43:00 ]当前的预约次数已经超过了本日限制
[ 2017-11-23 15:43:07 ]当前的预约次数已经超过了本日限制
[ 2017-11-23 15:43:15 ]当前的预约次数已经超过了本日限制
[ 2017-11-23 15:43:22 ]当前的预约次数已经超过了本日限制
[ 2017-11-23 15:43:29 ]当前的预约次数已经超过了本日限制
[ 2017-11-23 15:43:36 ]当前的预约次数已经超过了本日限制
[ 2017-11-23 15:43:44 ]当前的预约次数已经超过了本日限制
[ 2017-11-23 15:43:51 ]当前的预约次数已经超过了本日限制
[ 2017-11-23 15:43:59 ]当前的预约次数已经超过了本日限制
[ 2017-11-23 15:44:07 ]当前的预约次数已经超过了本日限制
[ 2017-11-23 15:44:14 ]当前的预约次数已经超过了本日限制
[ 2017-11-23 15:44:21 ]当前的预约次数已经超过了本日限制
[ 2017-11-23 15:44:28 ]当前的预约次数已经超过了本日限制
[ 2017-11-23 15:44:35 ]当前的预约次数已经超过了本日限制
[ 2017-11-23 15:44:42 ]当前的预约次数已经超过了本日限制
[ 2017-11-23 15:44:50 ]当前的预约次数已经超过了本日限制
[ 2017-11-23 15:44:58 ]当前的预约次数已经超过了本日限制
[ 2017-11-23 15:45:09 ]当前的预约次数已经超过了本日限制
[ 2017-11-23 15:45:16 ]当前的预约次数已经超过了本日限制
[ 2017-11-23 15:45:23 ]当前的预约次数已经超过了本日限制
[ 2017-11-23 15:45:31 ]当前的预约次数已经超过了本日限制
[ 2017-11-23 15:45:40 ]当前的预约次数已经超过了本日限制
[ 2017-11-23 15:45:48 ]当前的预约次数已经超过了本日限制
[ 2017-11-23 15:45:55 ]当前的预约次数已经超过了本日限制
[ 2017-11-23 15:46:02 ]当前的预约次数已经超过了本日限制
[ 2017-11-23 15:46:09 ]当前的预约次数已经超过了本日限制
[ 2017-11-23 15:46:16 ]当前的预约次数已经超过了本日限制
[ 2017-11-23 15:46:23 ]当前的预约次数已经超过了本日限制
[ 2017-11-23 15:46:31 ]当前的预约次数已经超过了本日限制
[ 2017-11-23 15:46:40 ]当前的预约次数已经超过了本日限制
[ 2017-11-23 15:46:47 ]当前的预约次数已经超过了本日限制
[ 2017-11-23 15:46:55 ]当前的预约次数已经超过了本日限制
[ 2017-11-23 15:47:04 ]当前的预约次数已经超过了本日限制
[ 2017-11-23 15:47:11 ]当前的预约次数已经超过了本日限制
[ 2017-11-23 15:47:19 ]当前的预约次数已经超过了本日限制
[ 2017-11-23 15:47:27 ]当前的预约次数已经超过了本日限制
[ 2017-11-23 15:47:34 ]当前的预约次数已经超过了本日限制
[ 2017-11-23 15:47:43 ]当前的预约次数已经超过了本日限制
[ 2017-11-23 15:47:50 ]当前的预约次数已经超过了本日限制
[ 2017-11-23 15:47:57 ]当前的预约次数已经超过了本日限制
[ 2017-11-23 15:48:04 ]当前的预约次数已经超过了本日限制
[ 2017-11-23 15:48:11 ]当前的预约次数已经超过了本日限制
[ 2017-11-23 15:48:18 ]当前的预约次数已经超过了本日限制
[ 2017-11-23 15:48:26 ]当前的预约次数已经超过了本日限制
[ 2017-11-23 15:48:33 ]当前的预约次数已经超过了本日限制
[ 2017-11-23 15:48:41 ]当前的预约次数已经超过了本日限制
[ 2017-11-23 15:48:48 ]当前的预约次数已经超过了本日限制
[ 2017-11-23 15:48:55 ]当前的预约次数已经超过了本日限制
[ 2017-11-23 15:49:03 ]当前的预约次数已经超过了本日限制
[ 2017-11-23 15:49:10 ]当前的预约次数已经超过了本日限制
[ 2017-11-23 15:49:17 ]当前的预约次数已经超过了本日限制
[ 2017-11-23 15:49:24 ]当前的预约次数已经超过了本日限制
[ 2017-11-23 15:49:31 ]当前的预约次数已经超过了本日限制
[ 2017-11-23 15:49:39 ]当前的预约次数已经超过了本日限制
[ 2017-11-23 15:49:45 ]当前的预约次数已经超过了本日限制
[ 2017-11-23 15:49:52 ]当前的预约次数已经超过了本日限制
[ 2017-11-23 15:50:00 ]当前的预约次数已经超过了本日限制
[ 2017-11-23 15:50:07 ]当前的预约次数已经超过了本日限制
[ 2017-11-23 15:50:14 ]当前的预约次数已经超过了本日限制
[ 2017-11-23 15:50:21 ]当前的预约次数已经超过了本日限制
[ 2017-11-23 15:50:28 ]当前的预约次数已经超过了本日限制
[ 2017-11-23 15:50:35 ]当前的预约次数已经超过了本日限制
[ 2017-11-23 15:50:43 ]当前的预约次数已经超过了本日限制
[ 2017-11-23 15:50:50 ]当前的预约次数已经超过了本日限制
[ 2017-11-23 15:50:59 ]当前的预约次数已经超过了本日限制
[ 2017-11-23 15:51:07 ]当前的预约次数已经超过了本日限制
[ 2017-11-23 15:51:14 ]当前的预约次数已经超过了本日限制
[ 2017-11-23 15:51:21 ]当前的预约次数已经超过了本日限制
[ 2017-11-23 15:51:28 ]当前的预约次数已经超过了本日限制
[ 2017-11-23 15:51:36 ]当前的预约次数已经超过了本日限制
[ 2017-11-23 15:51:43 ]当前的预约次数已经超过了本日限制
[ 2017-11-23 15:51:51 ]当前的预约次数已经超过了本日限制
[ 2017-11-23 15:52:00 ]当前的预约次数已经超过了本日限制
[ 2017-11-23 15:52:07 ]当前的预约次数已经超过了本日限制
[ 2017-11-23 15:52:16 ]当前的预约次数已经超过了本日限制
[ 2017-11-23 15:52:24 ]当前的预约次数已经超过了本日限制
[ 2017-11-23 15:52:31 ]当前的预约次数已经超过了本日限制
[ 2017-11-23 15:52:39 ]当前的预约次数已经超过了本日限制
[ 2017-11-23 15:52:46 ]当前的预约次数已经超过了本日限制
[ 2017-11-23 15:52:53 ]当前的预约次数已经超过了本日限制
[ 2017-11-23 15:53:00 ]当前的预约次数已经超过了本日限制
[ 2017-11-23 15:53:07 ]当前的预约次数已经超过了本日限制
[ 2017-11-23 15:53:14 ]当前的预约次数已经超过了本日限制
[ 2017-11-23 15:53:21 ]当前的预约次数已经超过了本日限制
[ 2017-11-23 15:53:28 ]当前的预约次数已经超过了本日限制
[ 2017-11-23 15:53:37 ]当前的预约次数已经超过了本日限制
[ 2017-11-23 15:53:44 ]当前的预约次数已经超过了本日限制
[ 2017-11-23 15:53:52 ]当前的预约次数已经超过了本日限制
[ 2017-11-23 15:54:00 ]当前的预约次数已经超过了本日限制
[ 2017-11-23 15:54:07 ]当前的预约次数已经超过了本日限制
[ 2017-11-23 15:54:14 ]当前的预约次数已经超过了本日限制
[ 2017-11-23 15:54:23 ]当前的预约次数已经超过了本日限制
[ 2017-11-23 15:54:29 ]当前的预约次数已经超过了本日限制
[ 2017-11-23 15:54:37 ]当前的预约次数已经超过了本日限制
[ 2017-11-23 15:54:44 ]当前的预约次数已经超过了本日限制
[ 2017-11-23 15:54:51 ]当前的预约次数已经超过了本日限制
[ 2017-11-23 15:54:58 ]当前的预约次数已经超过了本日限制
[ 2017-11-23 15:55:07 ]当前的预约次数已经超过了本日限制
[ 2017-11-23 15:55:14 ]当前的预约次数已经超过了本日限制
[ 2017-11-23 15:55:21 ]当前的预约次数已经超过了本日限制
[ 2017-11-23 15:55:28 ]当前的预约次数已经超过了本日限制
[ 2017-11-23 15:55:36 ]当前的预约次数已经超过了本日限制
[ 2017-11-23 15:55:43 ]当前的预约次数已经超过了本日限制
[ 2017-11-23 15:55:51 ]当前的预约次数已经超过了本日限制
[ 2017-11-23 15:55:59 ]当前的预约次数已经超过了本日限制
[ 2017-11-23 15:56:06 ]当前的预约次数已经超过了本日限制
[ 2017-11-23 15:56:15 ]当前的预约次数已经超过了本日限制
[ 2017-11-23 15:56:23 ]当前的预约次数已经超过了本日限制
[ 2017-11-23 15:56:31 ]当前的预约次数已经超过了本日限制
[ 2017-11-23 15:56:38 ]当前的预约次数已经超过了本日限制
[ 2017-11-23 15:56:48 ]当前的预约次数已经超过了本日限制
[ 2017-11-23 15:56:55 ]当前的预约次数已经超过了本日限制
[ 2017-11-23 15:57:02 ]当前的预约次数已经超过了本日限制
[ 2017-11-23 15:57:10 ]当前的预约次数已经超过了本日限制
[ 2017-11-23 15:57:17 ]当前的预约次数已经超过了本日限制
[ 2017-11-23 15:57:25 ]当前的预约次数已经超过了本日限制
[ 2017-11-23 15:57:32 ]当前的预约次数已经超过了本日限制
[ 2017-11-23 15:57:40 ]当前的预约次数已经超过了本日限制
[ 2017-11-23 15:57:47 ]当前的预约次数已经超过了本日限制
[ 2017-11-23 15:57:56 ]当前的预约次数已经超过了本日限制
[ 2017-11-23 15:58:03 ]当前的预约次数已经超过了本日限制
[ 2017-11-23 15:58:11 ]当前的预约次数已经超过了本日限制
[ 2017-11-23 15:58:18 ]当前的预约次数已经超过了本日限制
[ 2017-11-23 15:58:26 ]当前的预约次数已经超过了本日限制
[ 2017-11-23 15:58:33 ]当前的预约次数已经超过了本日限制
[ 2017-11-23 15:58:40 ]当前的预约次数已经超过了本日限制
[ 2017-11-23 15:58:48 ]当前的预约次数已经超过了本日限制
[ 2017-11-23 15:58:56 ]当前的预约次数已经超过了本日限制
[ 2017-11-23 15:59:03 ]当前的预约次数已经超过了本日限制
[ 2017-11-23 15:59:10 ]当前的预约次数已经超过了本日限制
[ 2017-11-23 15:59:18 ]当前的预约次数已经超过了本日限制
[ 2017-11-23 15:59:25 ]当前的预约次数已经超过了本日限制
[ 2017-11-23 15:59:32 ]当前的预约次数已经超过了本日限制
[ 2017-11-23 15:59:39 ]当前的预约次数已经超过了本日限制
[ 2017-11-23 15:59:46 ]当前的预约次数已经超过了本日限制
[ 2017-11-23 15:59:53 ]当前的预约次数已经超过了本日限制
[ 2017-11-23 16:01:57 ]当前的预约次数已经超过了本日限制
[ 2017-11-23 16:02:35 ]当前的预约次数已经超过了本日限制
[ 2017-11-23 16:04:18 ]当前的预约次数已经超过了本日限制
[ 2017-11-23 16:04:25 ]当前的预约次数已经超过了本日限制
[ 2017-11-23 16:04:34 ]当前的预约次数已经超过了本日限制
[ 2017-11-23 16:04:41 ]当前的预约次数已经超过了本日限制
[ 2017-11-23 16:04:49 ]当前的预约次数已经超过了本日限制
[ 2017-11-23 16:52:15 ]课程还没有发布，请稍后再试！
[ 2017-11-23 16:53:43 ]课程还没有发布，请稍后再试！
[ 2017-11-23 16:54:13 ]当前的预约次数已经超过了本日限制
[ 2017-11-23 16:57:14 ]课程还没有发布，请稍后再试！
[ 2017-11-23 16:57:42 ]课程还没有发布，请稍后再试！
[ 2017-11-23 16:58:16 ]课程还没有发布，请稍后再试！
[ 2017-11-23 16:59:38 ]当前的预约次数已经超过了本日限制
[ 2017-11-23 17:00:19 ]课程还没有发布，请稍后再试！
[ 2017-11-23 17:02:36 ]课程还没有发布，请稍后再试！
[ 2017-11-23 17:03:53 ]当前的预约次数已经超过了本日限制
[ 2017-11-23 17:05:23 ]课程还没有发布，请稍后再试！
[ 2017-11-23 17:07:28 ]课程还没有发布，请稍后再试！
[ 2017-11-23 17:13:22 ]当前的预约次数已经超过了本日限制
[ 2017-11-23 17:24:39 ]当前的预约次数已经超过了本日限制
[ 2017-11-23 17:31:23 ]当前的预约次数已经超过了本日限制
[ 2017-11-23 17:33:04 ]当前的预约次数已经超过了本日限制
[ 2017-11-23 21:07:05 ]当前的预约次数已经超过了本日限制
[ 2017-11-23 21:07:13 ]当前的预约次数已经超过了本日限制
[ 2017-11-23 21:07:20 ]当前的预约次数已经超过了本日限制
[ 2017-11-23 21:07:28 ]当前的预约次数已经超过了本日限制
[ 2017-11-23 21:07:35 ]当前的预约次数已经超过了本日限制
[ 2017-11-23 21:07:43 ]当前的预约次数已经超过了本日限制
[ 2017-11-23 21:07:52 ]当前的预约次数已经超过了本日限制
[ 2017-11-23 21:07:59 ]当前的预约次数已经超过了本日限制
[ 2017-11-23 21:08:06 ]当前的预约次数已经超过了本日限制
[ 2017-11-23 21:08:14 ]当前的预约次数已经超过了本日限制
[ 2017-11-23 21:08:21 ]当前的预约次数已经超过了本日限制
[ 2017-11-23 21:08:29 ]当前的预约次数已经超过了本日限制
[ 2017-11-23 21:08:36 ]当前的预约次数已经超过了本日限制
[ 2017-11-23 21:08:44 ]当前的预约次数已经超过了本日限制
[ 2017-11-23 21:08:51 ]当前的预约次数已经超过了本日限制
[ 2017-11-23 21:08:59 ]当前的预约次数已经超过了本日限制
[ 2017-11-23 21:09:07 ]当前的预约次数已经超过了本日限制
[ 2017-11-23 21:09:16 ]当前的预约次数已经超过了本日限制
[ 2017-11-23 21:09:24 ]当前的预约次数已经超过了本日限制
[ 2017-11-23 21:09:32 ]当前的预约次数已经超过了本日限制
[ 2017-11-23 21:09:41 ]当前的预约次数已经超过了本日限制
[ 2017-11-23 21:09:49 ]当前的预约次数已经超过了本日限制
[ 2017-11-23 21:09:58 ]当前的预约次数已经超过了本日限制
[ 2017-11-23 21:10:17 ]当前的预约次数已经超过了本日限制
[ 2017-11-23 21:10:24 ]当前的预约次数已经超过了本日限制
[ 2017-11-23 21:10:33 ]当前的预约次数已经超过了本日限制
[ 2017-11-23 21:10:41 ]当前的预约次数已经超过了本日限制
[ 2017-11-23 21:10:49 ]当前的预约次数已经超过了本日限制
[ 2017-11-23 21:10:56 ]当前的预约次数已经超过了本日限制
[ 2017-11-23 21:11:04 ]当前的预约次数已经超过了本日限制
[ 2017-11-23 21:11:12 ]当前的预约次数已经超过了本日限制
[ 2017-11-23 21:11:19 ]当前的预约次数已经超过了本日限制
[ 2017-11-23 21:11:26 ]当前的预约次数已经超过了本日限制
[ 2017-11-23 21:11:34 ]当前的预约次数已经超过了本日限制
[ 2017-11-23 21:11:42 ]当前的预约次数已经超过了本日限制
[ 2017-11-23 21:11:51 ]当前的预约次数已经超过了本日限制
[ 2017-11-23 21:11:59 ]当前的预约次数已经超过了本日限制
[ 2017-11-23 21:12:06 ]当前的预约次数已经超过了本日限制
[ 2017-11-23 21:12:13 ]当前的预约次数已经超过了本日限制
[ 2017-11-23 21:12:20 ]当前的预约次数已经超过了本日限制
[ 2017-11-23 21:12:28 ]当前的预约次数已经超过了本日限制
[ 2017-11-23 21:12:35 ]当前的预约次数已经超过了本日限制
[ 2017-11-23 21:12:43 ]当前的预约次数已经超过了本日限制
[ 2017-11-23 21:12:51 ]当前的预约次数已经超过了本日限制
[ 2017-11-23 21:12:58 ]当前的预约次数已经超过了本日限制
[ 2017-11-23 21:13:06 ]当前的预约次数已经超过了本日限制
[ 2017-11-23 21:13:16 ]当前的预约次数已经超过了本日限制
[ 2017-11-23 21:13:24 ]当前的预约次数已经超过了本日限制
[ 2017-11-23 21:13:32 ]当前的预约次数已经超过了本日限制
[ 2017-11-23 21:13:41 ]当前的预约次数已经超过了本日限制
[ 2017-11-23 21:13:50 ]当前的预约次数已经超过了本日限制
[ 2017-11-23 21:13:57 ]当前的预约次数已经超过了本日限制
[ 2017-11-23 21:14:04 ]当前的预约次数已经超过了本日限制
[ 2017-11-23 21:14:11 ]当前的预约次数已经超过了本日限制
[ 2017-11-23 21:14:19 ]当前的预约次数已经超过了本日限制
[ 2017-11-23 21:14:27 ]当前的预约次数已经超过了本日限制
[ 2017-11-23 21:14:36 ]当前的预约次数已经超过了本日限制
[ 2017-11-23 21:14:43 ]当前的预约次数已经超过了本日限制
[ 2017-11-23 21:14:52 ]当前的预约次数已经超过了本日限制
[ 2017-11-23 21:15:00 ]当前的预约次数已经超过了本日限制
[ 2017-11-23 21:15:08 ]当前的预约次数已经超过了本日限制
[ 2017-11-23 21:15:15 ]当前的预约次数已经超过了本日限制
[ 2017-11-23 21:15:23 ]当前的预约次数已经超过了本日限制
[ 2017-11-23 21:15:31 ]当前的预约次数已经超过了本日限制
[ 2017-11-23 21:15:38 ]当前的预约次数已经超过了本日限制
[ 2017-11-23 21:15:47 ]当前的预约次数已经超过了本日限制
[ 2017-11-23 21:15:55 ]当前的预约次数已经超过了本日限制
[ 2017-11-23 21:16:04 ]当前的预约次数已经超过了本日限制
[ 2017-11-23 21:16:11 ]当前的预约次数已经超过了本日限制
[ 2017-11-23 21:16:18 ]当前的预约次数已经超过了本日限制
[ 2017-11-23 21:16:26 ]当前的预约次数已经超过了本日限制
[ 2017-11-23 21:16:34 ]当前的预约次数已经超过了本日限制
[ 2017-11-23 21:16:41 ]当前的预约次数已经超过了本日限制
[ 2017-11-23 21:16:48 ]当前的预约次数已经超过了本日限制
[ 2017-11-23 21:16:58 ]当前的预约次数已经超过了本日限制
[ 2017-11-23 21:17:08 ]当前的预约次数已经超过了本日限制
[ 2017-11-23 21:17:16 ]当前的预约次数已经超过了本日限制
[ 2017-11-23 21:17:26 ]当前的预约次数已经超过了本日限制
[ 2017-11-23 21:17:33 ]当前的预约次数已经超过了本日限制
[ 2017-11-23 21:17:41 ]当前的预约次数已经超过了本日限制
[ 2017-11-23 21:17:51 ]当前的预约次数已经超过了本日限制
[ 2017-11-23 21:17:58 ]当前的预约次数已经超过了本日限制
[ 2017-11-23 21:18:05 ]当前的预约次数已经超过了本日限制
[ 2017-11-23 21:18:14 ]当前的预约次数已经超过了本日限制
[ 2017-11-23 21:18:22 ]当前的预约次数已经超过了本日限制
[ 2017-11-23 21:18:30 ]当前的预约次数已经超过了本日限制
[ 2017-11-23 21:18:37 ]当前的预约次数已经超过了本日限制
[ 2017-11-23 21:18:44 ]当前的预约次数已经超过了本日限制
[ 2017-11-23 21:18:52 ]当前的预约次数已经超过了本日限制
[ 2017-11-23 21:19:00 ]当前的预约次数已经超过了本日限制
[ 2017-11-23 21:19:08 ]当前的预约次数已经超过了本日限制
[ 2017-11-23 21:19:16 ]当前的预约次数已经超过了本日限制
[ 2017-11-23 21:19:24 ]当前的预约次数已经超过了本日限制
[ 2017-11-23 21:19:31 ]当前的预约次数已经超过了本日限制
[ 2017-11-23 21:19:39 ]当前的预约次数已经超过了本日限制
[ 2017-11-23 21:19:46 ]当前的预约次数已经超过了本日限制
[ 2017-11-23 21:19:54 ]当前的预约次数已经超过了本日限制
[ 2017-11-23 21:20:02 ]当前的预约次数已经超过了本日限制
[ 2017-11-23 21:20:10 ]当前的预约次数已经超过了本日限制
[ 2017-11-23 21:20:18 ]当前的预约次数已经超过了本日限制
[ 2017-11-23 21:20:25 ]当前的预约次数已经超过了本日限制
[ 2017-11-23 21:20:33 ]当前的预约次数已经超过了本日限制
[ 2017-11-23 21:20:42 ]当前的预约次数已经超过了本日限制
[ 2017-11-23 21:20:49 ]当前的预约次数已经超过了本日限制
[ 2017-11-23 21:20:57 ]当前的预约次数已经超过了本日限制
[ 2017-11-23 21:21:04 ]当前的预约次数已经超过了本日限制
[ 2017-11-23 21:21:11 ]当前的预约次数已经超过了本日限制
[ 2017-11-23 21:21:19 ]当前的预约次数已经超过了本日限制
[ 2017-11-23 21:21:31 ]当前的预约次数已经超过了本日限制
[ 2017-11-23 21:21:39 ]当前的预约次数已经超过了本日限制
[ 2017-11-23 21:21:46 ]当前的预约次数已经超过了本日限制
[ 2017-11-23 21:21:55 ]当前的预约次数已经超过了本日限制
[ 2017-11-23 21:22:02 ]当前的预约次数已经超过了本日限制
[ 2017-11-23 21:22:10 ]当前的预约次数已经超过了本日限制
[ 2017-11-23 21:22:17 ]当前的预约次数已经超过了本日限制
[ 2017-11-23 21:22:24 ]当前的预约次数已经超过了本日限制
[ 2017-11-23 21:22:32 ]当前的预约次数已经超过了本日限制
[ 2017-11-23 21:22:39 ]当前的预约次数已经超过了本日限制
[ 2017-11-23 21:22:50 ]当前的预约次数已经超过了本日限制
[ 2017-11-23 21:22:58 ]当前的预约次数已经超过了本日限制
[ 2017-11-23 21:23:06 ]当前的预约次数已经超过了本日限制
[ 2017-11-23 21:23:14 ]当前的预约次数已经超过了本日限制
[ 2017-11-23 21:23:21 ]当前的预约次数已经超过了本日限制
[ 2017-11-23 21:23:28 ]当前的预约次数已经超过了本日限制
[ 2017-11-23 21:23:37 ]当前的预约次数已经超过了本日限制
[ 2017-11-23 21:23:44 ]当前的预约次数已经超过了本日限制
[ 2017-11-23 21:23:52 ]当前的预约次数已经超过了本日限制
[ 2017-11-23 21:24:00 ]当前的预约次数已经超过了本日限制
[ 2017-11-23 21:24:10 ]当前的预约次数已经超过了本日限制
[ 2017-11-23 21:24:18 ]当前的预约次数已经超过了本日限制
[ 2017-11-23 21:24:25 ]当前的预约次数已经超过了本日限制
[ 2017-11-23 21:24:33 ]当前的预约次数已经超过了本日限制
[ 2017-11-23 21:24:42 ]当前的预约次数已经超过了本日限制
[ 2017-11-23 21:24:56 ]当前的预约次数已经超过了本日限制
[ 2017-11-23 21:25:03 ]当前的预约次数已经超过了本日限制
[ 2017-11-23 21:25:11 ]当前的预约次数已经超过了本日限制
[ 2017-11-23 21:25:20 ]当前的预约次数已经超过了本日限制
[ 2017-11-23 21:25:30 ]当前的预约次数已经超过了本日限制
[ 2017-11-23 21:25:37 ]当前的预约次数已经超过了本日限制
[ 2017-11-23 21:25:48 ]当前的预约次数已经超过了本日限制
[ 2017-11-23 21:25:55 ]当前的预约次数已经超过了本日限制
[ 2017-11-23 21:26:04 ]当前的预约次数已经超过了本日限制
[ 2017-11-23 21:26:12 ]当前的预约次数已经超过了本日限制
[ 2017-11-23 21:26:21 ]当前的预约次数已经超过了本日限制
[ 2017-11-23 21:26:29 ]当前的预约次数已经超过了本日限制
[ 2017-11-23 21:26:37 ]当前的预约次数已经超过了本日限制
[ 2017-11-23 21:26:44 ]当前的预约次数已经超过了本日限制
[ 2017-11-23 21:26:53 ]当前的预约次数已经超过了本日限制
[ 2017-11-23 21:27:01 ]当前的预约次数已经超过了本日限制
[ 2017-11-23 21:27:08 ]当前的预约次数已经超过了本日限制
[ 2017-11-23 21:27:18 ]当前的预约次数已经超过了本日限制
[ 2017-11-23 21:27:28 ]当前的预约次数已经超过了本日限制
[ 2017-11-23 21:27:35 ]当前的预约次数已经超过了本日限制
[ 2017-11-23 21:27:45 ]当前的预约次数已经超过了本日限制
[ 2017-11-23 21:27:57 ]当前的预约次数已经超过了本日限制
[ 2017-11-23 21:28:06 ]当前的预约次数已经超过了本日限制
[ 2017-11-23 21:28:14 ]当前的预约次数已经超过了本日限制
[ 2017-11-23 21:28:25 ]当前的预约次数已经超过了本日限制
[ 2017-11-23 21:28:34 ]当前的预约次数已经超过了本日限制
[ 2017-11-23 21:28:45 ]当前的预约次数已经超过了本日限制
[ 2017-11-23 21:28:56 ]当前的预约次数已经超过了本日限制
[ 2017-11-23 21:29:07 ]当前的预约次数已经超过了本日限制
[ 2017-11-23 21:29:16 ]当前的预约次数已经超过了本日限制
[ 2017-11-23 21:29:25 ]当前的预约次数已经超过了本日限制
[ 2017-11-23 21:29:34 ]当前的预约次数已经超过了本日限制
[ 2017-11-23 21:29:41 ]当前的预约次数已经超过了本日限制
[ 2017-11-23 21:29:50 ]当前的预约次数已经超过了本日限制
[ 2017-11-23 21:29:58 ]当前的预约次数已经超过了本日限制
[ 2017-11-23 21:30:08 ]当前的预约次数已经超过了本日限制
[ 2017-11-23 21:30:16 ]当前的预约次数已经超过了本日限制
[ 2017-11-23 21:30:23 ]当前的预约次数已经超过了本日限制
[ 2017-11-23 21:30:31 ]当前的预约次数已经超过了本日限制
[ 2017-11-23 21:30:38 ]当前的预约次数已经超过了本日限制
[ 2017-11-23 21:30:47 ]当前的预约次数已经超过了本日限制
[ 2017-11-23 21:30:55 ]当前的预约次数已经超过了本日限制
[ 2017-11-23 21:31:02 ]当前的预约次数已经超过了本日限制
[ 2017-11-23 21:31:11 ]当前的预约次数已经超过了本日限制
[ 2017-11-23 21:31:19 ]当前的预约次数已经超过了本日限制
[ 2017-11-23 21:31:27 ]当前的预约次数已经超过了本日限制
[ 2017-11-23 21:31:38 ]当前的预约次数已经超过了本日限制
[ 2017-11-23 21:31:45 ]当前的预约次数已经超过了本日限制
[ 2017-11-23 21:31:53 ]当前的预约次数已经超过了本日限制
[ 2017-11-23 21:32:01 ]当前的预约次数已经超过了本日限制
[ 2017-11-23 21:32:10 ]当前的预约次数已经超过了本日限制
[ 2017-11-23 21:32:20 ]当前的预约次数已经超过了本日限制
[ 2017-11-23 21:32:32 ]当前的预约次数已经超过了本日限制
[ 2017-11-23 21:32:43 ]当前的预约次数已经超过了本日限制
[ 2017-11-23 21:32:54 ]当前的预约次数已经超过了本日限制
[ 2017-11-23 21:33:06 ]当前的预约次数已经超过了本日限制
[ 2017-11-23 21:33:16 ]当前的预约次数已经超过了本日限制
[ 2017-11-23 21:33:27 ]当前的预约次数已经超过了本日限制
[ 2017-11-23 21:33:35 ]当前的预约次数已经超过了本日限制
[ 2017-11-23 21:33:44 ]当前的预约次数已经超过了本日限制
[ 2017-11-23 21:33:51 ]当前的预约次数已经超过了本日限制
[ 2017-11-23 21:34:01 ]当前的预约次数已经超过了本日限制
[ 2017-11-23 21:34:08 ]当前的预约次数已经超过了本日限制
[ 2017-11-23 21:34:17 ]当前的预约次数已经超过了本日限制
[ 2017-11-23 21:34:24 ]当前的预约次数已经超过了本日限制
[ 2017-11-23 21:34:31 ]当前的预约次数已经超过了本日限制
[ 2017-11-23 21:34:39 ]当前的预约次数已经超过了本日限制
[ 2017-11-23 21:34:51 ]当前的预约次数已经超过了本日限制
[ 2017-11-23 21:35:01 ]当前的预约次数已经超过了本日限制
[ 2017-11-23 21:35:09 ]当前的预约次数已经超过了本日限制
[ 2017-11-23 21:35:21 ]当前的预约次数已经超过了本日限制
[ 2017-11-23 21:35:33 ]当前的预约次数已经超过了本日限制
[ 2017-11-23 21:35:40 ]当前的预约次数已经超过了本日限制
[ 2017-11-23 21:35:47 ]当前的预约次数已经超过了本日限制
[ 2017-11-23 21:35:55 ]当前的预约次数已经超过了本日限制
[ 2017-11-23 21:36:15 ]当前的预约次数已经超过了本日限制
[ 2017-11-23 21:36:23 ]当前的预约次数已经超过了本日限制
[ 2017-11-23 21:36:32 ]当前的预约次数已经超过了本日限制
[ 2017-11-23 21:36:42 ]当前的预约次数已经超过了本日限制
[ 2017-11-23 21:36:51 ]当前的预约次数已经超过了本日限制
[ 2017-11-23 21:36:58 ]当前的预约次数已经超过了本日限制
[ 2017-11-23 21:37:06 ]当前的预约次数已经超过了本日限制
[ 2017-11-23 21:37:15 ]当前的预约次数已经超过了本日限制
[ 2017-11-23 21:37:24 ]当前的预约次数已经超过了本日限制
[ 2017-11-23 21:37:33 ]当前的预约次数已经超过了本日限制
[ 2017-11-23 21:37:46 ]当前的预约次数已经超过了本日限制
[ 2017-11-23 21:37:58 ]当前的预约次数已经超过了本日限制
[ 2017-11-23 21:38:07 ]当前的预约次数已经超过了本日限制
[ 2017-11-23 21:38:18 ]当前的预约次数已经超过了本日限制
[ 2017-11-23 21:38:27 ]当前的预约次数已经超过了本日限制
[ 2017-11-23 21:38:35 ]当前的预约次数已经超过了本日限制
[ 2017-11-23 21:38:44 ]当前的预约次数已经超过了本日限制
[ 2017-11-23 21:38:58 ]当前的预约次数已经超过了本日限制
[ 2017-11-23 21:39:06 ]当前的预约次数已经超过了本日限制
[ 2017-11-23 21:39:15 ]当前的预约次数已经超过了本日限制
[ 2017-11-23 21:39:22 ]当前的预约次数已经超过了本日限制
[ 2017-11-23 21:39:32 ]当前的预约次数已经超过了本日限制
[ 2017-11-23 21:39:39 ]当前的预约次数已经超过了本日限制
[ 2017-11-23 21:39:50 ]当前的预约次数已经超过了本日限制
[ 2017-11-23 21:39:57 ]当前的预约次数已经超过了本日限制
[ 2017-11-23 21:40:06 ]当前的预约次数已经超过了本日限制
[ 2017-11-23 21:40:15 ]当前的预约次数已经超过了本日限制
[ 2017-11-23 21:40:26 ]当前的预约次数已经超过了本日限制
[ 2017-11-23 21:40:34 ]当前的预约次数已经超过了本日限制
[ 2017-11-23 21:40:44 ]当前的预约次数已经超过了本日限制
[ 2017-11-23 21:40:52 ]当前的预约次数已经超过了本日限制
[ 2017-11-23 21:40:59 ]当前的预约次数已经超过了本日限制
[ 2017-11-23 21:41:08 ]当前的预约次数已经超过了本日限制
[ 2017-11-23 21:41:16 ]当前的预约次数已经超过了本日限制
[ 2017-11-23 21:41:25 ]当前的预约次数已经超过了本日限制
[ 2017-11-23 21:41:33 ]当前的预约次数已经超过了本日限制
[ 2017-11-23 21:41:47 ]当前的预约次数已经超过了本日限制
[ 2017-11-23 21:41:56 ]当前的预约次数已经超过了本日限制
[ 2017-11-23 21:42:06 ]当前的预约次数已经超过了本日限制
[ 2017-11-23 21:42:23 ]当前的预约次数已经超过了本日限制
[ 2017-11-23 21:42:37 ]当前的预约次数已经超过了本日限制
[ 2017-11-23 21:42:45 ]当前的预约次数已经超过了本日限制
[ 2017-11-23 21:42:57 ]当前的预约次数已经超过了本日限制
[ 2017-11-23 21:43:06 ]当前的预约次数已经超过了本日限制
[ 2017-11-23 21:43:15 ]当前的预约次数已经超过了本日限制
[ 2017-11-23 21:43:23 ]当前的预约次数已经超过了本日限制
[ 2017-11-23 21:43:35 ]当前的预约次数已经超过了本日限制
[ 2017-11-23 21:43:46 ]当前的预约次数已经超过了本日限制
[ 2017-11-23 21:43:57 ]当前的预约次数已经超过了本日限制
[ 2017-11-23 21:44:06 ]当前的预约次数已经超过了本日限制
[ 2017-11-23 21:44:14 ]当前的预约次数已经超过了本日限制
[ 2017-11-23 21:44:21 ]当前的预约次数已经超过了本日限制
[ 2017-11-23 21:44:46 ]当前的预约次数已经超过了本日限制
[ 2017-11-23 21:44:59 ]当前的预约次数已经超过了本日限制
[ 2017-11-23 21:45:08 ]当前的预约次数已经超过了本日限制
[ 2017-11-23 21:45:43 ]当前的预约次数已经超过了本日限制
[ 2017-11-23 21:45:53 ]当前的预约次数已经超过了本日限制
[ 2017-11-23 21:46:01 ]当前的预约次数已经超过了本日限制
[ 2017-11-23 21:46:11 ]当前的预约次数已经超过了本日限制
[ 2017-11-23 21:46:21 ]当前的预约次数已经超过了本日限制
[ 2017-11-23 21:46:29 ]当前的预约次数已经超过了本日限制
[ 2017-11-23 21:46:37 ]当前的预约次数已经超过了本日限制
[ 2017-11-23 21:46:46 ]当前的预约次数已经超过了本日限制
[ 2017-11-23 21:46:54 ]当前的预约次数已经超过了本日限制
[ 2017-11-23 21:47:04 ]当前的预约次数已经超过了本日限制
[ 2017-11-23 21:47:18 ]当前的预约次数已经超过了本日限制
[ 2017-11-23 21:47:26 ]当前的预约次数已经超过了本日限制
[ 2017-11-23 21:47:36 ]当前的预约次数已经超过了本日限制
[ 2017-11-23 21:47:45 ]当前的预约次数已经超过了本日限制
[ 2017-11-23 21:47:54 ]当前的预约次数已经超过了本日限制
[ 2017-11-23 21:48:04 ]当前的预约次数已经超过了本日限制
[ 2017-11-23 21:48:11 ]当前的预约次数已经超过了本日限制
[ 2017-11-23 21:48:19 ]当前的预约次数已经超过了本日限制
[ 2017-11-23 21:48:27 ]当前的预约次数已经超过了本日限制
[ 2017-11-23 21:48:34 ]当前的预约次数已经超过了本日限制
[ 2017-11-23 21:48:42 ]当前的预约次数已经超过了本日限制
[ 2017-11-23 21:48:49 ]当前的预约次数已经超过了本日限制
[ 2017-11-23 21:48:57 ]当前的预约次数已经超过了本日限制
[ 2017-11-23 21:49:04 ]当前的预约次数已经超过了本日限制
[ 2017-11-23 21:49:23 ]当前的预约次数已经超过了本日限制
[ 2017-11-23 21:49:31 ]当前的预约次数已经超过了本日限制
[ 2017-11-23 21:49:38 ]当前的预约次数已经超过了本日限制
[ 2017-11-23 21:49:47 ]当前的预约次数已经超过了本日限制
[ 2017-11-23 21:49:55 ]当前的预约次数已经超过了本日限制
[ 2017-11-23 21:50:03 ]当前的预约次数已经超过了本日限制
[ 2017-11-23 21:50:10 ]当前的预约次数已经超过了本日限制
[ 2017-11-23 21:50:19 ]当前的预约次数已经超过了本日限制
[ 2017-11-23 21:50:28 ]当前的预约次数已经超过了本日限制
[ 2017-11-23 21:50:44 ]当前的预约次数已经超过了本日限制
[ 2017-11-23 21:50:51 ]当前的预约次数已经超过了本日限制
[ 2017-11-23 21:51:02 ]当前的预约次数已经超过了本日限制
[ 2017-11-23 21:51:11 ]当前的预约次数已经超过了本日限制
[ 2017-11-23 21:51:18 ]当前的预约次数已经超过了本日限制
[ 2017-11-23 21:51:27 ]当前的预约次数已经超过了本日限制
[ 2017-11-23 21:51:36 ]当前的预约次数已经超过了本日限制
[ 2017-11-23 21:51:43 ]当前的预约次数已经超过了本日限制
[ 2017-11-23 21:51:51 ]当前的预约次数已经超过了本日限制
[ 2017-11-23 21:51:59 ]当前的预约次数已经超过了本日限制
[ 2017-11-23 21:52:09 ]当前的预约次数已经超过了本日限制
[ 2017-11-23 21:52:17 ]当前的预约次数已经超过了本日限制
[ 2017-11-23 21:52:26 ]当前的预约次数已经超过了本日限制
[ 2017-11-23 21:52:33 ]当前的预约次数已经超过了本日限制
[ 2017-11-23 21:52:41 ]当前的预约次数已经超过了本日限制
[ 2017-11-23 21:52:49 ]当前的预约次数已经超过了本日限制
[ 2017-11-23 21:53:03 ]当前的预约次数已经超过了本日限制
[ 2017-11-23 21:53:18 ]当前的预约次数已经超过了本日限制
[ 2017-11-23 21:53:27 ]当前的预约次数已经超过了本日限制
[ 2017-11-23 21:53:34 ]当前的预约次数已经超过了本日限制
[ 2017-11-23 21:53:42 ]当前的预约次数已经超过了本日限制
[ 2017-11-23 21:53:49 ]当前的预约次数已经超过了本日限制
[ 2017-11-23 21:53:57 ]当前的预约次数已经超过了本日限制
[ 2017-11-23 21:54:05 ]当前的预约次数已经超过了本日限制
[ 2017-11-23 21:54:12 ]当前的预约次数已经超过了本日限制
[ 2017-11-23 21:54:20 ]当前的预约次数已经超过了本日限制
[ 2017-11-23 21:54:28 ]当前的预约次数已经超过了本日限制
[ 2017-11-23 21:54:36 ]当前的预约次数已经超过了本日限制
[ 2017-11-23 21:54:44 ]当前的预约次数已经超过了本日限制
[ 2017-11-23 21:54:53 ]当前的预约次数已经超过了本日限制
[ 2017-11-23 21:55:03 ]当前的预约次数已经超过了本日限制
[ 2017-11-23 21:55:10 ]当前的预约次数已经超过了本日限制
[ 2017-11-23 21:55:18 ]当前的预约次数已经超过了本日限制
[ 2017-11-23 21:55:28 ]当前的预约次数已经超过了本日限制
[ 2017-11-23 21:55:38 ]当前的预约次数已经超过了本日限制
[ 2017-11-23 21:55:45 ]当前的预约次数已经超过了本日限制
[ 2017-11-23 21:55:54 ]当前的预约次数已经超过了本日限制
[ 2017-11-23 21:56:02 ]当前的预约次数已经超过了本日限制
[ 2017-11-23 21:56:09 ]当前的预约次数已经超过了本日限制
[ 2017-11-23 21:56:17 ]当前的预约次数已经超过了本日限制
[ 2017-11-23 21:56:24 ]当前的预约次数已经超过了本日限制
[ 2017-11-23 21:56:33 ]当前的预约次数已经超过了本日限制
[ 2017-11-23 21:56:41 ]当前的预约次数已经超过了本日限制
[ 2017-11-23 21:56:54 ]当前的预约次数已经超过了本日限制
[ 2017-11-23 21:57:02 ]当前的预约次数已经超过了本日限制
[ 2017-11-23 21:57:12 ]当前的预约次数已经超过了本日限制
[ 2017-11-23 21:57:20 ]当前的预约次数已经超过了本日限制
[ 2017-11-23 21:57:27 ]当前的预约次数已经超过了本日限制
[ 2017-11-23 21:57:34 ]当前的预约次数已经超过了本日限制
[ 2017-11-23 21:57:43 ]当前的预约次数已经超过了本日限制
[ 2017-11-23 21:57:51 ]当前的预约次数已经超过了本日限制
[ 2017-11-23 21:57:59 ]当前的预约次数已经超过了本日限制
[ 2017-11-23 21:58:09 ]当前的预约次数已经超过了本日限制
[ 2017-11-23 21:58:16 ]当前的预约次数已经超过了本日限制
[ 2017-11-23 21:58:24 ]当前的预约次数已经超过了本日限制
[ 2017-11-23 21:58:32 ]当前的预约次数已经超过了本日限制
[ 2017-11-23 21:58:40 ]当前的预约次数已经超过了本日限制
[ 2017-11-23 21:58:47 ]当前的预约次数已经超过了本日限制
[ 2017-11-23 21:58:55 ]当前的预约次数已经超过了本日限制
[ 2017-11-23 21:59:03 ]当前的预约次数已经超过了本日限制
[ 2017-11-23 21:59:10 ]当前的预约次数已经超过了本日限制
[ 2017-11-23 21:59:19 ]当前的预约次数已经超过了本日限制
[ 2017-11-23 21:59:26 ]当前的预约次数已经超过了本日限制
[ 2017-11-23 21:59:33 ]当前的预约次数已经超过了本日限制
[ 2017-11-23 21:59:42 ]当前的预约次数已经超过了本日限制
[ 2017-11-23 21:59:52 ]当前的预约次数已经超过了本日限制
[ 2017-11-23 22:00:00 ]当前的预约次数已经超过了本日限制
[ 2017-11-23 22:00:09 ]当前的预约次数已经超过了本日限制
[ 2017-11-23 22:00:18 ]当前的预约次数已经超过了本日限制
[ 2017-11-23 22:00:26 ]当前的预约次数已经超过了本日限制
[ 2017-11-23 22:00:36 ]当前的预约次数已经超过了本日限制
[ 2017-11-23 22:00:43 ]当前的预约次数已经超过了本日限制
[ 2017-11-23 22:00:51 ]当前的预约次数已经超过了本日限制
[ 2017-11-23 22:01:00 ]当前的预约次数已经超过了本日限制
[ 2017-11-23 22:01:10 ]当前的预约次数已经超过了本日限制
[ 2017-11-23 22:01:18 ]当前的预约次数已经超过了本日限制
[ 2017-11-23 22:01:27 ]当前的预约次数已经超过了本日限制
[ 2017-11-23 22:01:34 ]当前的预约次数已经超过了本日限制
[ 2017-11-23 22:01:43 ]当前的预约次数已经超过了本日限制
[ 2017-11-23 22:01:50 ]当前的预约次数已经超过了本日限制
[ 2017-11-23 22:01:58 ]当前的预约次数已经超过了本日限制
[ 2017-11-23 22:02:05 ]当前的预约次数已经超过了本日限制
[ 2017-11-23 22:02:18 ]当前的预约次数已经超过了本日限制
[ 2017-11-23 22:02:25 ]当前的预约次数已经超过了本日限制
[ 2017-11-23 22:02:33 ]当前的预约次数已经超过了本日限制
[ 2017-11-23 22:02:43 ]当前的预约次数已经超过了本日限制
[ 2017-11-23 22:02:51 ]当前的预约次数已经超过了本日限制
[ 2017-11-23 22:03:01 ]当前的预约次数已经超过了本日限制
[ 2017-11-23 22:03:08 ]当前的预约次数已经超过了本日限制
[ 2017-11-23 22:03:15 ]当前的预约次数已经超过了本日限制
[ 2017-11-23 22:03:23 ]当前的预约次数已经超过了本日限制
[ 2017-11-23 22:03:30 ]当前的预约次数已经超过了本日限制
[ 2017-11-23 22:03:39 ]当前的预约次数已经超过了本日限制
[ 2017-11-23 22:03:46 ]当前的预约次数已经超过了本日限制
[ 2017-11-23 22:03:53 ]当前的预约次数已经超过了本日限制
[ 2017-11-23 22:04:01 ]当前的预约次数已经超过了本日限制
[ 2017-11-23 22:04:09 ]当前的预约次数已经超过了本日限制
[ 2017-11-23 22:04:17 ]当前的预约次数已经超过了本日限制
[ 2017-11-23 22:04:24 ]当前的预约次数已经超过了本日限制
[ 2017-11-23 22:04:31 ]当前的预约次数已经超过了本日限制
[ 2017-11-23 22:04:38 ]当前的预约次数已经超过了本日限制
[ 2017-11-23 22:04:48 ]当前的预约次数已经超过了本日限制
[ 2017-11-23 22:04:57 ]当前的预约次数已经超过了本日限制
[ 2017-11-23 22:05:05 ]当前的预约次数已经超过了本日限制
[ 2017-11-23 22:05:14 ]当前的预约次数已经超过了本日限制
[ 2017-11-23 22:05:22 ]当前的预约次数已经超过了本日限制
[ 2017-11-23 22:05:31 ]当前的预约次数已经超过了本日限制
[ 2017-11-23 22:05:39 ]当前的预约次数已经超过了本日限制
[ 2017-11-23 22:05:51 ]当前的预约次数已经超过了本日限制
[ 2017-11-23 22:05:59 ]当前的预约次数已经超过了本日限制
[ 2017-11-23 22:06:07 ]当前的预约次数已经超过了本日限制
[ 2017-11-23 22:06:14 ]当前的预约次数已经超过了本日限制
[ 2017-11-23 22:06:22 ]当前的预约次数已经超过了本日限制
[ 2017-11-23 22:06:32 ]当前的预约次数已经超过了本日限制
[ 2017-11-23 22:06:43 ]当前的预约次数已经超过了本日限制
[ 2017-11-23 22:06:52 ]当前的预约次数已经超过了本日限制
[ 2017-11-23 22:07:01 ]当前的预约次数已经超过了本日限制
[ 2017-11-23 22:07:08 ]当前的预约次数已经超过了本日限制
[ 2017-11-23 22:07:20 ]当前的预约次数已经超过了本日限制
[ 2017-11-23 22:07:27 ]当前的预约次数已经超过了本日限制
[ 2017-11-23 22:07:37 ]当前的预约次数已经超过了本日限制
[ 2017-11-23 22:07:45 ]当前的预约次数已经超过了本日限制
[ 2017-11-23 22:07:55 ]当前的预约次数已经超过了本日限制
[ 2017-11-23 22:08:02 ]当前的预约次数已经超过了本日限制
[ 2017-11-23 22:08:11 ]当前的预约次数已经超过了本日限制
[ 2017-11-23 22:08:19 ]当前的预约次数已经超过了本日限制
[ 2017-11-23 22:08:27 ]当前的预约次数已经超过了本日限制
[ 2017-11-23 22:08:38 ]当前的预约次数已经超过了本日限制
[ 2017-11-23 22:08:50 ]当前的预约次数已经超过了本日限制
[ 2017-11-23 22:08:57 ]当前的预约次数已经超过了本日限制
[ 2017-11-23 22:09:10 ]当前的预约次数已经超过了本日限制
[ 2017-11-23 22:09:18 ]当前的预约次数已经超过了本日限制
[ 2017-11-23 22:09:32 ]当前的预约次数已经超过了本日限制
[ 2017-11-23 22:09:43 ]当前的预约次数已经超过了本日限制
[ 2017-11-23 22:09:54 ]当前的预约次数已经超过了本日限制
[ 2017-11-23 22:10:05 ]当前的预约次数已经超过了本日限制
[ 2017-11-23 22:10:13 ]当前的预约次数已经超过了本日限制
[ 2017-11-23 22:10:21 ]当前的预约次数已经超过了本日限制
[ 2017-11-23 22:10:32 ]当前的预约次数已经超过了本日限制
[ 2017-11-23 22:10:39 ]当前的预约次数已经超过了本日限制
[ 2017-11-23 22:10:52 ]当前的预约次数已经超过了本日限制
[ 2017-11-23 22:11:02 ]当前的预约次数已经超过了本日限制
[ 2017-11-23 22:11:11 ]当前的预约次数已经超过了本日限制
[ 2017-11-23 22:11:23 ]当前的预约次数已经超过了本日限制
[ 2017-11-23 22:11:32 ]当前的预约次数已经超过了本日限制
[ 2017-11-23 22:11:40 ]当前的预约次数已经超过了本日限制
[ 2017-11-23 22:11:51 ]当前的预约次数已经超过了本日限制
[ 2017-11-23 22:11:59 ]当前的预约次数已经超过了本日限制
[ 2017-11-23 22:12:08 ]当前的预约次数已经超过了本日限制
[ 2017-11-23 22:12:16 ]当前的预约次数已经超过了本日限制
[ 2017-11-23 22:12:24 ]当前的预约次数已经超过了本日限制
[ 2017-11-23 22:12:32 ]当前的预约次数已经超过了本日限制
[ 2017-11-23 22:12:43 ]当前的预约次数已经超过了本日限制
[ 2017-11-23 22:12:52 ]当前的预约次数已经超过了本日限制
[ 2017-11-23 22:13:01 ]当前的预约次数已经超过了本日限制
[ 2017-11-23 22:13:08 ]当前的预约次数已经超过了本日限制
[ 2017-11-23 22:13:18 ]当前的预约次数已经超过了本日限制
[ 2017-11-23 22:13:26 ]当前的预约次数已经超过了本日限制
[ 2017-11-23 22:13:35 ]当前的预约次数已经超过了本日限制
[ 2017-11-23 22:13:43 ]当前的预约次数已经超过了本日限制
[ 2017-11-23 22:13:53 ]当前的预约次数已经超过了本日限制
[ 2017-11-23 22:14:02 ]当前的预约次数已经超过了本日限制
[ 2017-11-23 22:14:11 ]当前的预约次数已经超过了本日限制
[ 2017-11-23 22:14:22 ]当前的预约次数已经超过了本日限制
[ 2017-11-23 22:14:30 ]当前的预约次数已经超过了本日限制
[ 2017-11-23 22:14:38 ]当前的预约次数已经超过了本日限制
[ 2017-11-23 22:14:46 ]当前的预约次数已经超过了本日限制
[ 2017-11-23 22:14:54 ]当前的预约次数已经超过了本日限制
[ 2017-11-23 22:15:04 ]当前的预约次数已经超过了本日限制
[ 2017-11-23 22:15:14 ]当前的预约次数已经超过了本日限制
[ 2017-11-23 22:15:26 ]当前的预约次数已经超过了本日限制
[ 2017-11-23 22:15:33 ]当前的预约次数已经超过了本日限制
[ 2017-11-23 22:15:45 ]当前的预约次数已经超过了本日限制
[ 2017-11-23 22:15:53 ]当前的预约次数已经超过了本日限制
[ 2017-11-23 22:16:01 ]当前的预约次数已经超过了本日限制
[ 2017-11-23 22:16:13 ]当前的预约次数已经超过了本日限制
[ 2017-11-23 22:16:21 ]当前的预约次数已经超过了本日限制
[ 2017-11-23 22:16:30 ]当前的预约次数已经超过了本日限制
[ 2017-11-23 22:16:39 ]当前的预约次数已经超过了本日限制
[ 2017-11-23 22:16:47 ]当前的预约次数已经超过了本日限制
[ 2017-11-23 22:16:56 ]当前的预约次数已经超过了本日限制
[ 2017-11-23 22:17:03 ]当前的预约次数已经超过了本日限制
[ 2017-11-23 22:17:18 ]当前的预约次数已经超过了本日限制
[ 2017-11-23 22:17:29 ]当前的预约次数已经超过了本日限制
[ 2017-11-23 22:17:36 ]当前的预约次数已经超过了本日限制
[ 2017-11-23 22:17:46 ]当前的预约次数已经超过了本日限制
[ 2017-11-23 22:17:54 ]当前的预约次数已经超过了本日限制
[ 2017-11-23 22:18:02 ]当前的预约次数已经超过了本日限制
[ 2017-11-23 22:18:12 ]当前的预约次数已经超过了本日限制
[ 2017-11-23 22:18:19 ]当前的预约次数已经超过了本日限制
[ 2017-11-23 22:18:28 ]当前的预约次数已经超过了本日限制
[ 2017-11-23 22:18:35 ]当前的预约次数已经超过了本日限制
[ 2017-11-23 22:18:43 ]当前的预约次数已经超过了本日限制
[ 2017-11-23 22:18:50 ]当前的预约次数已经超过了本日限制
[ 2017-11-23 22:18:58 ]当前的预约次数已经超过了本日限制
[ 2017-11-23 22:19:07 ]当前的预约次数已经超过了本日限制
[ 2017-11-23 22:19:16 ]当前的预约次数已经超过了本日限制
[ 2017-11-23 22:19:25 ]当前的预约次数已经超过了本日限制
[ 2017-11-23 22:19:33 ]当前的预约次数已经超过了本日限制
[ 2017-11-23 22:19:41 ]当前的预约次数已经超过了本日限制
[ 2017-11-23 22:19:48 ]当前的预约次数已经超过了本日限制
[ 2017-11-23 22:19:56 ]当前的预约次数已经超过了本日限制
[ 2017-11-23 22:20:05 ]当前的预约次数已经超过了本日限制
[ 2017-11-23 22:20:15 ]当前的预约次数已经超过了本日限制
[ 2017-11-23 22:20:23 ]当前的预约次数已经超过了本日限制
[ 2017-11-23 22:20:33 ]当前的预约次数已经超过了本日限制
[ 2017-11-23 22:20:40 ]当前的预约次数已经超过了本日限制
[ 2017-11-23 22:20:52 ]当前的预约次数已经超过了本日限制
[ 2017-11-23 22:21:00 ]当前的预约次数已经超过了本日限制
[ 2017-11-23 22:21:10 ]当前的预约次数已经超过了本日限制
[ 2017-11-23 22:21:18 ]当前的预约次数已经超过了本日限制
[ 2017-11-23 22:21:25 ]当前的预约次数已经超过了本日限制
[ 2017-11-23 22:21:35 ]当前的预约次数已经超过了本日限制
[ 2017-11-23 22:21:43 ]当前的预约次数已经超过了本日限制
[ 2017-11-23 22:21:52 ]当前的预约次数已经超过了本日限制
[ 2017-11-23 22:22:01 ]当前的预约次数已经超过了本日限制
[ 2017-11-23 22:22:10 ]当前的预约次数已经超过了本日限制
[ 2017-11-23 22:22:23 ]当前的预约次数已经超过了本日限制
[ 2017-11-23 22:22:38 ]当前的预约次数已经超过了本日限制
[ 2017-11-23 22:22:53 ]当前的预约次数已经超过了本日限制
[ 2017-11-23 22:23:03 ]当前的预约次数已经超过了本日限制
[ 2017-11-23 22:23:13 ]当前的预约次数已经超过了本日限制
[ 2017-11-23 22:23:32 ]当前的预约次数已经超过了本日限制
[ 2017-11-23 22:23:49 ]当前的预约次数已经超过了本日限制
[ 2017-11-23 22:24:06 ]当前的预约次数已经超过了本日限制
[ 2017-11-23 22:24:14 ]当前的预约次数已经超过了本日限制
[ 2017-11-23 22:24:22 ]当前的预约次数已经超过了本日限制
[ 2017-11-23 22:24:37 ]当前的预约次数已经超过了本日限制
[ 2017-11-23 22:24:45 ]当前的预约次数已经超过了本日限制
[ 2017-11-23 22:24:53 ]当前的预约次数已经超过了本日限制
[ 2017-11-23 22:25:02 ]当前的预约次数已经超过了本日限制
[ 2017-11-23 22:25:13 ]当前的预约次数已经超过了本日限制
[ 2017-11-23 22:25:24 ]当前的预约次数已经超过了本日限制
[ 2017-11-23 22:25:35 ]当前的预约次数已经超过了本日限制
[ 2017-11-23 22:26:05 ]当前的预约次数已经超过了本日限制
[ 2017-11-23 22:26:13 ]当前的预约次数已经超过了本日限制
[ 2017-11-23 22:26:23 ]当前的预约次数已经超过了本日限制
[ 2017-11-23 22:26:32 ]当前的预约次数已经超过了本日限制
[ 2017-11-23 22:26:40 ]当前的预约次数已经超过了本日限制
[ 2017-11-23 22:26:53 ]当前的预约次数已经超过了本日限制
[ 2017-11-23 22:27:05 ]当前的预约次数已经超过了本日限制
[ 2017-11-23 22:27:12 ]当前的预约次数已经超过了本日限制
[ 2017-11-23 22:27:22 ]当前的预约次数已经超过了本日限制
[ 2017-11-23 22:27:31 ]当前的预约次数已经超过了本日限制
[ 2017-11-23 22:27:42 ]当前的预约次数已经超过了本日限制
[ 2017-11-23 22:27:57 ]当前的预约次数已经超过了本日限制
[ 2017-11-23 22:28:09 ]当前的预约次数已经超过了本日限制
[ 2017-11-23 22:28:26 ]当前的预约次数已经超过了本日限制
[ 2017-11-23 22:28:37 ]当前的预约次数已经超过了本日限制
[ 2017-11-23 22:28:48 ]当前的预约次数已经超过了本日限制
[ 2017-11-23 22:28:59 ]当前的预约次数已经超过了本日限制
[ 2017-11-23 22:29:10 ]当前的预约次数已经超过了本日限制
[ 2017-11-23 22:29:23 ]当前的预约次数已经超过了本日限制
[ 2017-11-23 22:29:38 ]当前的预约次数已经超过了本日限制
[ 2017-11-23 22:29:48 ]当前的预约次数已经超过了本日限制
[ 2017-11-23 22:29:58 ]当前的预约次数已经超过了本日限制
[ 2017-11-23 22:30:08 ]当前的预约次数已经超过了本日限制
[ 2017-11-23 22:30:19 ]当前的预约次数已经超过了本日限制
[ 2017-11-23 22:30:29 ]当前的预约次数已经超过了本日限制
[ 2017-11-23 22:30:39 ]当前的预约次数已经超过了本日限制
[ 2017-11-23 22:31:59 ]当前的预约次数已经超过了本日限制
[ 2017-11-23 22:32:07 ]当前的预约次数已经超过了本日限制
[ 2017-11-23 22:32:16 ]当前的预约次数已经超过了本日限制
[ 2017-11-23 22:32:25 ]当前的预约次数已经超过了本日限制
[ 2017-11-23 22:32:37 ]当前的预约次数已经超过了本日限制
[ 2017-11-23 22:32:48 ]当前的预约次数已经超过了本日限制
[ 2017-11-23 22:33:03 ]当前的预约次数已经超过了本日限制
[ 2017-11-23 22:33:13 ]当前的预约次数已经超过了本日限制
[ 2017-11-23 22:33:26 ]当前的预约次数已经超过了本日限制
[ 2017-11-23 22:33:37 ]当前的预约次数已经超过了本日限制
[ 2017-11-23 22:33:53 ]当前的预约次数已经超过了本日限制
[ 2017-11-23 22:34:05 ]当前的预约次数已经超过了本日限制
[ 2017-11-23 22:34:14 ]当前的预约次数已经超过了本日限制
[ 2017-11-23 22:34:21 ]当前的预约次数已经超过了本日限制
[ 2017-11-23 22:34:28 ]当前的预约次数已经超过了本日限制
[ 2017-11-23 22:34:37 ]当前的预约次数已经超过了本日限制
[ 2017-11-23 22:35:02 ]当前的预约次数已经超过了本日限制
[ 2017-11-23 22:35:13 ]当前的预约次数已经超过了本日限制
[ 2017-11-23 22:35:22 ]当前的预约次数已经超过了本日限制
[ 2017-11-23 22:35:33 ]当前的预约次数已经超过了本日限制
[ 2017-11-23 22:35:45 ]当前的预约次数已经超过了本日限制
[ 2017-11-23 22:36:00 ]当前的预约次数已经超过了本日限制
[ 2017-11-23 22:36:15 ]当前的预约次数已经超过了本日限制
[ 2017-11-23 22:36:26 ]当前的预约次数已经超过了本日限制
[ 2017-11-23 22:36:34 ]当前的预约次数已经超过了本日限制
[ 2017-11-23 22:36:42 ]当前的预约次数已经超过了本日限制
[ 2017-11-23 22:36:51 ]当前的预约次数已经超过了本日限制
[ 2017-11-23 22:37:01 ]当前的预约次数已经超过了本日限制
[ 2017-11-23 22:37:08 ]当前的预约次数已经超过了本日限制
[ 2017-11-23 22:37:17 ]当前的预约次数已经超过了本日限制
[ 2017-11-23 22:37:25 ]当前的预约次数已经超过了本日限制
[ 2017-11-23 22:37:32 ]当前的预约次数已经超过了本日限制
[ 2017-11-23 22:37:39 ]当前的预约次数已经超过了本日限制
[ 2017-11-23 22:37:47 ]当前的预约次数已经超过了本日限制
[ 2017-11-23 22:38:05 ]当前的预约次数已经超过了本日限制
[ 2017-11-23 22:38:15 ]当前的预约次数已经超过了本日限制
[ 2017-11-23 22:38:23 ]当前的预约次数已经超过了本日限制
[ 2017-11-23 22:38:32 ]当前的预约次数已经超过了本日限制
[ 2017-11-23 22:38:41 ]当前的预约次数已经超过了本日限制
[ 2017-11-23 22:38:48 ]当前的预约次数已经超过了本日限制
[ 2017-11-23 22:38:56 ]当前的预约次数已经超过了本日限制
[ 2017-11-23 22:39:04 ]当前的预约次数已经超过了本日限制
[ 2017-11-23 22:39:11 ]当前的预约次数已经超过了本日限制
[ 2017-11-23 22:39:20 ]当前的预约次数已经超过了本日限制
[ 2017-11-23 22:39:28 ]当前的预约次数已经超过了本日限制
[ 2017-11-23 22:39:36 ]当前的预约次数已经超过了本日限制
[ 2017-11-23 22:39:45 ]当前的预约次数已经超过了本日限制
[ 2017-11-23 22:39:54 ]当前的预约次数已经超过了本日限制
[ 2017-11-23 22:40:05 ]当前的预约次数已经超过了本日限制
[ 2017-11-23 22:40:13 ]当前的预约次数已经超过了本日限制
[ 2017-11-23 22:40:22 ]当前的预约次数已经超过了本日限制
[ 2017-11-23 22:40:31 ]当前的预约次数已经超过了本日限制
[ 2017-11-23 22:40:41 ]当前的预约次数已经超过了本日限制
[ 2017-11-23 22:40:49 ]当前的预约次数已经超过了本日限制
[ 2017-11-23 22:40:56 ]当前的预约次数已经超过了本日限制
[ 2017-11-23 22:41:03 ]当前的预约次数已经超过了本日限制
[ 2017-11-23 22:41:11 ]当前的预约次数已经超过了本日限制
[ 2017-11-23 22:41:19 ]当前的预约次数已经超过了本日限制
[ 2017-11-23 22:41:29 ]当前的预约次数已经超过了本日限制
[ 2017-11-23 22:41:36 ]当前的预约次数已经超过了本日限制
[ 2017-11-23 22:41:49 ]当前的预约次数已经超过了本日限制
[ 2017-11-23 22:41:57 ]当前的预约次数已经超过了本日限制
[ 2017-11-23 22:42:05 ]当前的预约次数已经超过了本日限制
[ 2017-11-23 22:42:15 ]当前的预约次数已经超过了本日限制
[ 2017-11-23 22:42:23 ]当前的预约次数已经超过了本日限制
[ 2017-11-23 22:42:31 ]当前的预约次数已经超过了本日限制
[ 2017-11-23 22:42:38 ]当前的预约次数已经超过了本日限制
[ 2017-11-23 22:42:45 ]当前的预约次数已经超过了本日限制
[ 2017-11-23 22:42:53 ]当前的预约次数已经超过了本日限制
[ 2017-11-23 22:43:01 ]当前的预约次数已经超过了本日限制
[ 2017-11-23 22:43:08 ]当前的预约次数已经超过了本日限制
[ 2017-11-23 22:43:16 ]当前的预约次数已经超过了本日限制
[ 2017-11-23 22:43:27 ]当前的预约次数已经超过了本日限制
[ 2017-11-23 22:43:35 ]当前的预约次数已经超过了本日限制
[ 2017-11-23 22:43:45 ]当前的预约次数已经超过了本日限制
[ 2017-11-23 22:43:54 ]当前的预约次数已经超过了本日限制
[ 2017-11-23 22:44:02 ]当前的预约次数已经超过了本日限制
[ 2017-11-23 22:44:09 ]当前的预约次数已经超过了本日限制
[ 2017-11-23 22:44:17 ]当前的预约次数已经超过了本日限制
[ 2017-11-23 22:44:25 ]当前的预约次数已经超过了本日限制
[ 2017-11-23 22:44:33 ]当前的预约次数已经超过了本日限制
[ 2017-11-23 22:44:40 ]当前的预约次数已经超过了本日限制
[ 2017-11-23 22:44:48 ]当前的预约次数已经超过了本日限制
[ 2017-11-23 22:44:56 ]当前的预约次数已经超过了本日限制
[ 2017-11-23 22:45:04 ]当前的预约次数已经超过了本日限制
[ 2017-11-23 22:45:12 ]当前的预约次数已经超过了本日限制
[ 2017-11-23 22:45:20 ]当前的预约次数已经超过了本日限制
[ 2017-11-23 22:45:27 ]当前的预约次数已经超过了本日限制
[ 2017-11-23 22:45:38 ]当前的预约次数已经超过了本日限制
[ 2017-11-23 22:45:55 ]当前的预约次数已经超过了本日限制
[ 2017-11-23 22:46:05 ]当前的预约次数已经超过了本日限制
[ 2017-11-23 22:46:12 ]当前的预约次数已经超过了本日限制
[ 2017-11-23 22:46:21 ]当前的预约次数已经超过了本日限制
[ 2017-11-23 22:46:29 ]当前的预约次数已经超过了本日限制
[ 2017-11-23 22:46:41 ]当前的预约次数已经超过了本日限制
[ 2017-11-23 22:46:56 ]当前的预约次数已经超过了本日限制
[ 2017-11-23 22:47:04 ]当前的预约次数已经超过了本日限制
[ 2017-11-23 22:47:11 ]当前的预约次数已经超过了本日限制
[ 2017-11-23 22:47:20 ]当前的预约次数已经超过了本日限制
[ 2017-11-23 22:47:30 ]当前的预约次数已经超过了本日限制
[ 2017-11-23 22:47:38 ]当前的预约次数已经超过了本日限制
[ 2017-11-23 22:47:48 ]当前的预约次数已经超过了本日限制
[ 2017-11-23 22:48:08 ]当前的预约次数已经超过了本日限制
[ 2017-11-23 22:48:16 ]当前的预约次数已经超过了本日限制
[ 2017-11-23 22:48:23 ]当前的预约次数已经超过了本日限制
[ 2017-11-23 22:48:31 ]当前的预约次数已经超过了本日限制
[ 2017-11-23 22:48:39 ]当前的预约次数已经超过了本日限制
[ 2017-11-23 22:48:47 ]当前的预约次数已经超过了本日限制
[ 2017-11-23 22:48:55 ]当前的预约次数已经超过了本日限制
[ 2017-11-23 22:49:02 ]当前的预约次数已经超过了本日限制
[ 2017-11-23 22:49:09 ]当前的预约次数已经超过了本日限制
[ 2017-11-23 22:49:48 ]当前的预约次数已经超过了本日限制
[ 2017-11-23 22:49:55 ]当前的预约次数已经超过了本日限制
[ 2017-11-23 22:50:02 ]当前的预约次数已经超过了本日限制
[ 2017-11-23 22:50:11 ]当前的预约次数已经超过了本日限制
[ 2017-11-23 22:50:19 ]当前的预约次数已经超过了本日限制
[ 2017-11-23 22:50:30 ]当前的预约次数已经超过了本日限制
[ 2017-11-23 22:50:38 ]当前的预约次数已经超过了本日限制
[ 2017-11-23 22:50:50 ]当前的预约次数已经超过了本日限制
[ 2017-11-23 22:51:04 ]当前的预约次数已经超过了本日限制
[ 2017-11-23 22:51:11 ]当前的预约次数已经超过了本日限制
[ 2017-11-23 22:51:20 ]当前的预约次数已经超过了本日限制
[ 2017-11-23 22:51:28 ]当前的预约次数已经超过了本日限制
[ 2017-11-23 22:51:36 ]当前的预约次数已经超过了本日限制
[ 2017-11-23 22:51:44 ]当前的预约次数已经超过了本日限制
[ 2017-11-23 22:51:54 ]当前的预约次数已经超过了本日限制
[ 2017-11-23 22:52:02 ]当前的预约次数已经超过了本日限制
[ 2017-11-23 22:52:10 ]当前的预约次数已经超过了本日限制
[ 2017-11-23 22:52:19 ]当前的预约次数已经超过了本日限制
[ 2017-11-23 22:52:26 ]当前的预约次数已经超过了本日限制
[ 2017-11-23 22:52:34 ]当前的预约次数已经超过了本日限制
[ 2017-11-23 22:52:41 ]当前的预约次数已经超过了本日限制
[ 2017-11-23 22:52:49 ]当前的预约次数已经超过了本日限制
[ 2017-11-23 22:53:03 ]当前的预约次数已经超过了本日限制
[ 2017-11-23 22:53:10 ]当前的预约次数已经超过了本日限制
[ 2017-11-23 22:53:24 ]当前的预约次数已经超过了本日限制
[ 2017-11-23 22:53:36 ]当前的预约次数已经超过了本日限制
[ 2017-11-23 22:53:44 ]当前的预约次数已经超过了本日限制
[ 2017-11-23 22:53:52 ]当前的预约次数已经超过了本日限制
[ 2017-11-23 22:53:59 ]当前的预约次数已经超过了本日限制
[ 2017-11-23 22:54:12 ]当前的预约次数已经超过了本日限制
[ 2017-11-23 22:54:20 ]当前的预约次数已经超过了本日限制
[ 2017-11-23 22:54:27 ]当前的预约次数已经超过了本日限制
[ 2017-11-23 22:54:34 ]当前的预约次数已经超过了本日限制
[ 2017-11-23 22:54:45 ]当前的预约次数已经超过了本日限制
[ 2017-11-23 22:54:52 ]当前的预约次数已经超过了本日限制
[ 2017-11-23 22:55:03 ]当前的预约次数已经超过了本日限制
[ 2017-11-23 22:55:12 ]当前的预约次数已经超过了本日限制
[ 2017-11-23 22:55:21 ]当前的预约次数已经超过了本日限制
[ 2017-11-23 22:55:30 ]当前的预约次数已经超过了本日限制
[ 2017-11-23 22:55:43 ]当前的预约次数已经超过了本日限制
[ 2017-11-23 22:55:54 ]当前的预约次数已经超过了本日限制
[ 2017-11-23 22:56:10 ]当前的预约次数已经超过了本日限制
[ 2017-11-23 22:56:19 ]当前的预约次数已经超过了本日限制
[ 2017-11-23 22:56:31 ]当前的预约次数已经超过了本日限制
[ 2017-11-23 22:56:38 ]当前的预约次数已经超过了本日限制
[ 2017-11-23 22:56:47 ]当前的预约次数已经超过了本日限制
[ 2017-11-23 22:56:57 ]当前的预约次数已经超过了本日限制
[ 2017-11-23 22:57:08 ]当前的预约次数已经超过了本日限制
[ 2017-11-23 22:57:17 ]当前的预约次数已经超过了本日限制
[ 2017-11-23 22:57:29 ]当前的预约次数已经超过了本日限制
[ 2017-11-23 22:57:43 ]当前的预约次数已经超过了本日限制
[ 2017-11-23 22:57:53 ]当前的预约次数已经超过了本日限制
[ 2017-11-23 22:58:08 ]当前的预约次数已经超过了本日限制
[ 2017-11-23 22:58:19 ]当前的预约次数已经超过了本日限制
[ 2017-11-23 22:58:36 ]当前的预约次数已经超过了本日限制
[ 2017-11-23 22:58:50 ]当前的预约次数已经超过了本日限制
[ 2017-11-23 22:59:04 ]当前的预约次数已经超过了本日限制
[ 2017-11-23 22:59:13 ]当前的预约次数已经超过了本日限制
[ 2017-11-23 22:59:21 ]当前的预约次数已经超过了本日限制
[ 2017-11-23 22:59:30 ]当前的预约次数已经超过了本日限制
[ 2017-11-23 22:59:39 ]当前的预约次数已经超过了本日限制
[ 2017-11-23 22:59:46 ]当前的预约次数已经超过了本日限制
[ 2017-11-23 22:59:58 ]当前的预约次数已经超过了本日限制
[ 2017-11-23 23:00:08 ]当前的预约次数已经超过了本日限制
[ 2017-11-23 23:00:26 ]当前的预约次数已经超过了本日限制
[ 2017-11-23 23:00:36 ]当前的预约次数已经超过了本日限制
[ 2017-11-23 23:00:45 ]当前的预约次数已经超过了本日限制
[ 2017-11-23 23:00:55 ]当前的预约次数已经超过了本日限制
[ 2017-11-23 23:01:07 ]当前的预约次数已经超过了本日限制
[ 2017-11-23 23:01:15 ]当前的预约次数已经超过了本日限制
[ 2017-11-23 23:01:24 ]当前的预约次数已经超过了本日限制
[ 2017-11-23 23:01:32 ]当前的预约次数已经超过了本日限制
[ 2017-11-23 23:01:40 ]当前的预约次数已经超过了本日限制
[ 2017-11-23 23:01:52 ]当前的预约次数已经超过了本日限制
[ 2017-11-23 23:02:07 ]当前的预约次数已经超过了本日限制
[ 2017-11-23 23:02:14 ]当前的预约次数已经超过了本日限制
[ 2017-11-23 23:02:26 ]当前的预约次数已经超过了本日限制
[ 2017-11-23 23:02:33 ]当前的预约次数已经超过了本日限制
[ 2017-11-23 23:02:41 ]当前的预约次数已经超过了本日限制
[ 2017-11-23 23:02:57 ]当前的预约次数已经超过了本日限制
[ 2017-11-23 23:03:05 ]当前的预约次数已经超过了本日限制
[ 2017-11-23 23:03:15 ]当前的预约次数已经超过了本日限制
[ 2017-11-23 23:03:25 ]当前的预约次数已经超过了本日限制
[ 2017-11-23 23:03:44 ]当前的预约次数已经超过了本日限制
[ 2017-11-23 23:03:59 ]当前的预约次数已经超过了本日限制
[ 2017-11-23 23:04:07 ]当前的预约次数已经超过了本日限制
[ 2017-11-23 23:04:16 ]当前的预约次数已经超过了本日限制
[ 2017-11-23 23:04:25 ]当前的预约次数已经超过了本日限制
[ 2017-11-23 23:04:35 ]当前的预约次数已经超过了本日限制
[ 2017-11-23 23:04:44 ]当前的预约次数已经超过了本日限制
[ 2017-11-23 23:04:54 ]当前的预约次数已经超过了本日限制
[ 2017-11-23 23:05:06 ]当前的预约次数已经超过了本日限制
[ 2017-11-23 23:05:16 ]当前的预约次数已经超过了本日限制
[ 2017-11-23 23:05:27 ]当前的预约次数已经超过了本日限制
[ 2017-11-23 23:05:38 ]当前的预约次数已经超过了本日限制
[ 2017-11-23 23:05:49 ]当前的预约次数已经超过了本日限制
[ 2017-11-23 23:05:58 ]当前的预约次数已经超过了本日限制
[ 2017-11-23 23:06:10 ]当前的预约次数已经超过了本日限制
[ 2017-11-23 23:06:18 ]当前的预约次数已经超过了本日限制
[ 2017-11-23 23:06:34 ]当前的预约次数已经超过了本日限制
[ 2017-11-23 23:06:46 ]当前的预约次数已经超过了本日限制
[ 2017-11-23 23:06:55 ]当前的预约次数已经超过了本日限制
[ 2017-11-23 23:07:34 ]当前的预约次数已经超过了本日限制
[ 2017-11-23 23:07:53 ]当前的预约次数已经超过了本日限制
[ 2017-11-23 23:08:05 ]当前的预约次数已经超过了本日限制
[ 2017-11-23 23:08:13 ]当前的预约次数已经超过了本日限制
[ 2017-11-23 23:08:25 ]当前的预约次数已经超过了本日限制
[ 2017-11-23 23:08:34 ]当前的预约次数已经超过了本日限制
[ 2017-11-23 23:08:44 ]当前的预约次数已经超过了本日限制
[ 2017-11-23 23:08:53 ]当前的预约次数已经超过了本日限制
[ 2017-11-23 23:09:06 ]当前的预约次数已经超过了本日限制
[ 2017-11-23 23:09:15 ]当前的预约次数已经超过了本日限制
[ 2017-11-23 23:09:25 ]当前的预约次数已经超过了本日限制
[ 2017-11-23 23:09:32 ]当前的预约次数已经超过了本日限制
[ 2017-11-23 23:09:48 ]当前的预约次数已经超过了本日限制
[ 2017-11-23 23:10:04 ]当前的预约次数已经超过了本日限制
[ 2017-11-23 23:10:12 ]当前的预约次数已经超过了本日限制
[ 2017-11-23 23:10:30 ]当前的预约次数已经超过了本日限制
[ 2017-11-23 23:10:38 ]当前的预约次数已经超过了本日限制
[ 2017-11-23 23:10:50 ]当前的预约次数已经超过了本日限制
[ 2017-11-23 23:11:00 ]当前的预约次数已经超过了本日限制
[ 2017-11-23 23:11:08 ]当前的预约次数已经超过了本日限制
[ 2017-11-23 23:11:29 ]当前的预约次数已经超过了本日限制
[ 2017-11-23 23:11:38 ]当前的预约次数已经超过了本日限制
[ 2017-11-23 23:11:53 ]当前的预约次数已经超过了本日限制
[ 2017-11-23 23:12:02 ]当前的预约次数已经超过了本日限制
[ 2017-11-23 23:12:10 ]当前的预约次数已经超过了本日限制
[ 2017-11-23 23:12:20 ]当前的预约次数已经超过了本日限制
[ 2017-11-23 23:12:35 ]当前的预约次数已经超过了本日限制
[ 2017-11-23 23:12:48 ]当前的预约次数已经超过了本日限制
[ 2017-11-23 23:12:58 ]当前的预约次数已经超过了本日限制
[ 2017-11-23 23:13:12 ]当前的预约次数已经超过了本日限制
[ 2017-11-23 23:13:24 ]当前的预约次数已经超过了本日限制
[ 2017-11-23 23:13:35 ]当前的预约次数已经超过了本日限制
[ 2017-11-23 23:13:42 ]当前的预约次数已经超过了本日限制
[ 2017-11-23 23:13:50 ]当前的预约次数已经超过了本日限制
[ 2017-11-23 23:13:57 ]当前的预约次数已经超过了本日限制
[ 2017-11-23 23:14:12 ]当前的预约次数已经超过了本日限制
[ 2017-11-23 23:14:21 ]当前的预约次数已经超过了本日限制
[ 2017-11-23 23:14:28 ]当前的预约次数已经超过了本日限制
[ 2017-11-23 23:14:35 ]当前的预约次数已经超过了本日限制
[ 2017-11-23 23:14:45 ]当前的预约次数已经超过了本日限制
[ 2017-11-23 23:14:53 ]当前的预约次数已经超过了本日限制
[ 2017-11-23 23:15:01 ]当前的预约次数已经超过了本日限制
[ 2017-11-23 23:15:10 ]当前的预约次数已经超过了本日限制
[ 2017-11-23 23:15:18 ]当前的预约次数已经超过了本日限制
[ 2017-11-23 23:15:27 ]当前的预约次数已经超过了本日限制
[ 2017-11-23 23:15:37 ]当前的预约次数已经超过了本日限制
[ 2017-11-23 23:15:46 ]当前的预约次数已经超过了本日限制
[ 2017-11-23 23:15:55 ]当前的预约次数已经超过了本日限制
[ 2017-11-23 23:16:07 ]当前的预约次数已经超过了本日限制
[ 2017-11-23 23:16:16 ]当前的预约次数已经超过了本日限制
[ 2017-11-23 23:16:25 ]当前的预约次数已经超过了本日限制
[ 2017-11-23 23:16:33 ]当前的预约次数已经超过了本日限制
[ 2017-11-23 23:16:44 ]当前的预约次数已经超过了本日限制
[ 2017-11-23 23:16:52 ]当前的预约次数已经超过了本日限制
[ 2017-11-23 23:17:06 ]当前的预约次数已经超过了本日限制
[ 2017-11-23 23:17:14 ]当前的预约次数已经超过了本日限制
[ 2017-11-23 23:17:22 ]当前的预约次数已经超过了本日限制
[ 2017-11-23 23:17:30 ]当前的预约次数已经超过了本日限制
[ 2017-11-23 23:17:37 ]当前的预约次数已经超过了本日限制
[ 2017-11-23 23:17:47 ]当前的预约次数已经超过了本日限制
[ 2017-11-23 23:17:54 ]当前的预约次数已经超过了本日限制
[ 2017-11-23 23:18:01 ]当前的预约次数已经超过了本日限制
[ 2017-11-23 23:18:10 ]当前的预约次数已经超过了本日限制
[ 2017-11-23 23:18:18 ]当前的预约次数已经超过了本日限制
[ 2017-11-23 23:18:26 ]当前的预约次数已经超过了本日限制
[ 2017-11-23 23:18:34 ]当前的预约次数已经超过了本日限制
[ 2017-11-23 23:18:41 ]当前的预约次数已经超过了本日限制
[ 2017-11-23 23:18:53 ]当前的预约次数已经超过了本日限制
[ 2017-11-23 23:19:01 ]当前的预约次数已经超过了本日限制
[ 2017-11-23 23:19:08 ]当前的预约次数已经超过了本日限制
[ 2017-11-23 23:19:17 ]当前的预约次数已经超过了本日限制
[ 2017-11-23 23:19:24 ]当前的预约次数已经超过了本日限制
[ 2017-11-23 23:19:31 ]当前的预约次数已经超过了本日限制
[ 2017-11-23 23:19:42 ]当前的预约次数已经超过了本日限制
[ 2017-11-23 23:19:51 ]当前的预约次数已经超过了本日限制
[ 2017-11-23 23:19:58 ]当前的预约次数已经超过了本日限制
[ 2017-11-23 23:20:11 ]当前的预约次数已经超过了本日限制
[ 2017-11-23 23:20:19 ]当前的预约次数已经超过了本日限制
[ 2017-11-23 23:20:30 ]当前的预约次数已经超过了本日限制
[ 2017-11-23 23:20:44 ]当前的预约次数已经超过了本日限制
[ 2017-11-23 23:20:51 ]当前的预约次数已经超过了本日限制
[ 2017-11-23 23:20:58 ]当前的预约次数已经超过了本日限制
[ 2017-11-23 23:21:11 ]当前的预约次数已经超过了本日限制
[ 2017-11-23 23:21:17 ]当前的预约次数已经超过了本日限制
[ 2017-11-23 23:21:24 ]当前的预约次数已经超过了本日限制
[ 2017-11-23 23:21:35 ]当前的预约次数已经超过了本日限制
[ 2017-11-23 23:21:44 ]当前的预约次数已经超过了本日限制
[ 2017-11-23 23:21:52 ]当前的预约次数已经超过了本日限制
[ 2017-11-23 23:21:59 ]当前的预约次数已经超过了本日限制
[ 2017-11-23 23:22:07 ]当前的预约次数已经超过了本日限制
[ 2017-11-23 23:22:15 ]当前的预约次数已经超过了本日限制
[ 2017-11-23 23:22:22 ]当前的预约次数已经超过了本日限制
[ 2017-11-23 23:22:31 ]当前的预约次数已经超过了本日限制
[ 2017-11-23 23:22:39 ]当前的预约次数已经超过了本日限制
[ 2017-11-23 23:22:50 ]当前的预约次数已经超过了本日限制
[ 2017-11-23 23:22:57 ]当前的预约次数已经超过了本日限制
[ 2017-11-23 23:23:04 ]当前的预约次数已经超过了本日限制
[ 2017-11-23 23:23:12 ]当前的预约次数已经超过了本日限制
[ 2017-11-23 23:23:19 ]当前的预约次数已经超过了本日限制
[ 2017-11-23 23:23:28 ]当前的预约次数已经超过了本日限制
[ 2017-11-23 23:23:36 ]当前的预约次数已经超过了本日限制
[ 2017-11-23 23:23:49 ]当前的预约次数已经超过了本日限制
[ 2017-11-23 23:23:56 ]当前的预约次数已经超过了本日限制
[ 2017-11-23 23:24:05 ]当前的预约次数已经超过了本日限制
[ 2017-11-23 23:24:12 ]当前的预约次数已经超过了本日限制
[ 2017-11-23 23:24:19 ]当前的预约次数已经超过了本日限制
[ 2017-11-23 23:24:32 ]当前的预约次数已经超过了本日限制
[ 2017-11-23 23:24:46 ]当前的预约次数已经超过了本日限制
[ 2017-11-23 23:24:53 ]当前的预约次数已经超过了本日限制
[ 2017-11-23 23:25:03 ]当前的预约次数已经超过了本日限制
[ 2017-11-23 23:25:14 ]当前的预约次数已经超过了本日限制
[ 2017-11-23 23:25:24 ]当前的预约次数已经超过了本日限制
[ 2017-11-23 23:25:32 ]当前的预约次数已经超过了本日限制
[ 2017-11-23 23:25:40 ]当前的预约次数已经超过了本日限制
[ 2017-11-23 23:25:48 ]当前的预约次数已经超过了本日限制
[ 2017-11-23 23:25:57 ]当前的预约次数已经超过了本日限制
[ 2017-11-23 23:26:04 ]当前的预约次数已经超过了本日限制
[ 2017-11-23 23:26:13 ]当前的预约次数已经超过了本日限制
[ 2017-11-23 23:26:23 ]当前的预约次数已经超过了本日限制
[ 2017-11-23 23:26:31 ]当前的预约次数已经超过了本日限制
[ 2017-11-23 23:26:38 ]当前的预约次数已经超过了本日限制
[ 2017-11-23 23:26:50 ]当前的预约次数已经超过了本日限制
[ 2017-11-23 23:26:57 ]当前的预约次数已经超过了本日限制
[ 2017-11-23 23:27:05 ]当前的预约次数已经超过了本日限制
[ 2017-11-23 23:27:12 ]当前的预约次数已经超过了本日限制
[ 2017-11-23 23:27:20 ]当前的预约次数已经超过了本日限制
[ 2017-11-23 23:27:27 ]当前的预约次数已经超过了本日限制
[ 2017-11-23 23:27:37 ]当前的预约次数已经超过了本日限制
[ 2017-11-23 23:27:46 ]当前的预约次数已经超过了本日限制
[ 2017-11-23 23:28:00 ]当前的预约次数已经超过了本日限制
[ 2017-11-23 23:28:09 ]当前的预约次数已经超过了本日限制
[ 2017-11-23 23:28:18 ]当前的预约次数已经超过了本日限制
[ 2017-11-23 23:28:28 ]当前的预约次数已经超过了本日限制
[ 2017-11-23 23:28:35 ]当前的预约次数已经超过了本日限制
[ 2017-11-23 23:28:45 ]当前的预约次数已经超过了本日限制
[ 2017-11-23 23:28:58 ]当前的预约次数已经超过了本日限制
[ 2017-11-23 23:29:07 ]当前的预约次数已经超过了本日限制
[ 2017-11-23 23:29:14 ]当前的预约次数已经超过了本日限制
[ 2017-11-23 23:29:29 ]当前的预约次数已经超过了本日限制
[ 2017-11-23 23:29:40 ]当前的预约次数已经超过了本日限制
[ 2017-11-23 23:29:48 ]当前的预约次数已经超过了本日限制
[ 2017-11-23 23:29:56 ]当前的预约次数已经超过了本日限制
[ 2017-11-23 23:30:12 ]当前的预约次数已经超过了本日限制
[ 2017-11-23 23:30:21 ]当前的预约次数已经超过了本日限制
[ 2017-11-23 23:30:29 ]当前的预约次数已经超过了本日限制
[ 2017-11-23 23:30:40 ]当前的预约次数已经超过了本日限制
[ 2017-11-23 23:30:47 ]当前的预约次数已经超过了本日限制
[ 2017-11-23 23:30:54 ]当前的预约次数已经超过了本日限制
[ 2017-11-23 23:31:01 ]当前的预约次数已经超过了本日限制
[ 2017-11-23 23:31:09 ]当前的预约次数已经超过了本日限制
[ 2017-11-23 23:31:19 ]当前的预约次数已经超过了本日限制
[ 2017-11-23 23:31:27 ]当前的预约次数已经超过了本日限制
[ 2017-11-23 23:31:38 ]当前的预约次数已经超过了本日限制
[ 2017-11-23 23:31:52 ]当前的预约次数已经超过了本日限制
[ 2017-11-23 23:32:01 ]当前的预约次数已经超过了本日限制
[ 2017-11-23 23:32:16 ]当前的预约次数已经超过了本日限制
[ 2017-11-23 23:32:24 ]当前的预约次数已经超过了本日限制
[ 2017-11-23 23:32:32 ]当前的预约次数已经超过了本日限制
[ 2017-11-23 23:32:39 ]当前的预约次数已经超过了本日限制
[ 2017-11-23 23:32:48 ]当前的预约次数已经超过了本日限制
[ 2017-11-23 23:32:58 ]当前的预约次数已经超过了本日限制
[ 2017-11-23 23:33:05 ]当前的预约次数已经超过了本日限制
[ 2017-11-23 23:33:13 ]当前的预约次数已经超过了本日限制
[ 2017-11-23 23:33:22 ]当前的预约次数已经超过了本日限制
[ 2017-11-23 23:33:31 ]当前的预约次数已经超过了本日限制
[ 2017-11-23 23:33:39 ]当前的预约次数已经超过了本日限制
[ 2017-11-23 23:33:46 ]当前的预约次数已经超过了本日限制
[ 2017-11-23 23:33:53 ]当前的预约次数已经超过了本日限制
[ 2017-11-23 23:34:06 ]当前的预约次数已经超过了本日限制
[ 2017-11-23 23:34:13 ]当前的预约次数已经超过了本日限制
[ 2017-11-23 23:34:21 ]当前的预约次数已经超过了本日限制
[ 2017-11-23 23:34:31 ]当前的预约次数已经超过了本日限制
[ 2017-11-23 23:34:45 ]当前的预约次数已经超过了本日限制
[ 2017-11-23 23:34:54 ]当前的预约次数已经超过了本日限制
[ 2017-11-23 23:35:02 ]当前的预约次数已经超过了本日限制
[ 2017-11-23 23:35:10 ]当前的预约次数已经超过了本日限制
[ 2017-11-23 23:35:19 ]当前的预约次数已经超过了本日限制
[ 2017-11-23 23:35:26 ]当前的预约次数已经超过了本日限制
[ 2017-11-23 23:35:35 ]当前的预约次数已经超过了本日限制
[ 2017-11-23 23:35:42 ]当前的预约次数已经超过了本日限制
[ 2017-11-23 23:35:49 ]当前的预约次数已经超过了本日限制
[ 2017-11-23 23:35:57 ]当前的预约次数已经超过了本日限制
[ 2017-11-23 23:36:09 ]当前的预约次数已经超过了本日限制
[ 2017-11-23 23:36:18 ]当前的预约次数已经超过了本日限制
[ 2017-11-23 23:36:25 ]当前的预约次数已经超过了本日限制
[ 2017-11-23 23:36:36 ]当前的预约次数已经超过了本日限制
[ 2017-11-23 23:36:45 ]当前的预约次数已经超过了本日限制
[ 2017-11-23 23:37:13 ]当前的预约次数已经超过了本日限制
[ 2017-11-23 23:37:21 ]当前的预约次数已经超过了本日限制
[ 2017-11-23 23:37:29 ]当前的预约次数已经超过了本日限制
[ 2017-11-23 23:37:38 ]当前的预约次数已经超过了本日限制
[ 2017-11-23 23:37:48 ]当前的预约次数已经超过了本日限制
[ 2017-11-23 23:37:56 ]当前的预约次数已经超过了本日限制
[ 2017-11-23 23:38:09 ]当前的预约次数已经超过了本日限制
[ 2017-11-23 23:38:17 ]当前的预约次数已经超过了本日限制
[ 2017-11-23 23:38:25 ]当前的预约次数已经超过了本日限制
[ 2017-11-23 23:38:33 ]当前的预约次数已经超过了本日限制
[ 2017-11-23 23:38:46 ]当前的预约次数已经超过了本日限制
[ 2017-11-23 23:38:54 ]当前的预约次数已经超过了本日限制
[ 2017-11-23 23:39:02 ]当前的预约次数已经超过了本日限制
[ 2017-11-23 23:39:11 ]当前的预约次数已经超过了本日限制
[ 2017-11-23 23:39:19 ]当前的预约次数已经超过了本日限制
[ 2017-11-23 23:39:28 ]当前的预约次数已经超过了本日限制
[ 2017-11-23 23:39:42 ]当前的预约次数已经超过了本日限制
[ 2017-11-23 23:39:50 ]当前的预约次数已经超过了本日限制
[ 2017-11-23 23:39:59 ]当前的预约次数已经超过了本日限制
[ 2017-11-23 23:40:07 ]当前的预约次数已经超过了本日限制
[ 2017-11-23 23:40:17 ]当前的预约次数已经超过了本日限制
[ 2017-11-23 23:40:26 ]当前的预约次数已经超过了本日限制
[ 2017-11-23 23:40:38 ]当前的预约次数已经超过了本日限制
[ 2017-11-23 23:40:47 ]当前的预约次数已经超过了本日限制
[ 2017-11-23 23:40:55 ]当前的预约次数已经超过了本日限制
[ 2017-11-23 23:41:04 ]当前的预约次数已经超过了本日限制
[ 2017-11-23 23:41:12 ]当前的预约次数已经超过了本日限制
[ 2017-11-23 23:41:19 ]当前的预约次数已经超过了本日限制
[ 2017-11-23 23:41:27 ]当前的预约次数已经超过了本日限制
[ 2017-11-23 23:41:35 ]当前的预约次数已经超过了本日限制
[ 2017-11-23 23:41:43 ]当前的预约次数已经超过了本日限制
[ 2017-11-23 23:41:51 ]当前的预约次数已经超过了本日限制
[ 2017-11-23 23:42:01 ]当前的预约次数已经超过了本日限制
[ 2017-11-23 23:42:13 ]当前的预约次数已经超过了本日限制
[ 2017-11-23 23:42:23 ]当前的预约次数已经超过了本日限制
[ 2017-11-23 23:42:30 ]当前的预约次数已经超过了本日限制
[ 2017-11-23 23:42:39 ]当前的预约次数已经超过了本日限制
[ 2017-11-23 23:42:48 ]当前的预约次数已经超过了本日限制
[ 2017-11-23 23:42:55 ]当前的预约次数已经超过了本日限制
[ 2017-11-23 23:43:03 ]当前的预约次数已经超过了本日限制
[ 2017-11-23 23:43:12 ]当前的预约次数已经超过了本日限制
[ 2017-11-23 23:43:22 ]当前的预约次数已经超过了本日限制
[ 2017-11-23 23:43:31 ]当前的预约次数已经超过了本日限制
[ 2017-11-23 23:43:40 ]当前的预约次数已经超过了本日限制
[ 2017-11-23 23:43:49 ]当前的预约次数已经超过了本日限制
[ 2017-11-23 23:43:59 ]当前的预约次数已经超过了本日限制
[ 2017-11-23 23:44:07 ]当前的预约次数已经超过了本日限制
[ 2017-11-23 23:44:14 ]当前的预约次数已经超过了本日限制
[ 2017-11-23 23:44:26 ]当前的预约次数已经超过了本日限制
[ 2017-11-23 23:44:35 ]当前的预约次数已经超过了本日限制
[ 2017-11-23 23:44:43 ]当前的预约次数已经超过了本日限制
[ 2017-11-23 23:44:52 ]当前的预约次数已经超过了本日限制
[ 2017-11-23 23:45:01 ]当前的预约次数已经超过了本日限制
[ 2017-11-23 23:45:12 ]当前的预约次数已经超过了本日限制
[ 2017-11-23 23:45:19 ]当前的预约次数已经超过了本日限制
[ 2017-11-23 23:45:30 ]当前的预约次数已经超过了本日限制
[ 2017-11-23 23:45:39 ]当前的预约次数已经超过了本日限制
[ 2017-11-23 23:45:47 ]当前的预约次数已经超过了本日限制
[ 2017-11-23 23:45:56 ]当前的预约次数已经超过了本日限制
[ 2017-11-23 23:46:06 ]当前的预约次数已经超过了本日限制
[ 2017-11-23 23:46:14 ]当前的预约次数已经超过了本日限制
[ 2017-11-23 23:46:24 ]当前的预约次数已经超过了本日限制
[ 2017-11-23 23:46:33 ]当前的预约次数已经超过了本日限制
[ 2017-11-23 23:46:42 ]当前的预约次数已经超过了本日限制
[ 2017-11-23 23:46:52 ]当前的预约次数已经超过了本日限制
[ 2017-11-23 23:46:59 ]当前的预约次数已经超过了本日限制
[ 2017-11-23 23:47:09 ]当前的预约次数已经超过了本日限制
[ 2017-11-23 23:47:18 ]当前的预约次数已经超过了本日限制
[ 2017-11-23 23:47:26 ]当前的预约次数已经超过了本日限制
[ 2017-11-23 23:48:04 ]当前的预约次数已经超过了本日限制
[ 2017-11-23 23:48:13 ]当前的预约次数已经超过了本日限制
[ 2017-11-23 23:48:21 ]当前的预约次数已经超过了本日限制
[ 2017-11-23 23:48:29 ]当前的预约次数已经超过了本日限制
[ 2017-11-23 23:48:37 ]当前的预约次数已经超过了本日限制
[ 2017-11-23 23:48:45 ]当前的预约次数已经超过了本日限制
[ 2017-11-23 23:48:54 ]当前的预约次数已经超过了本日限制
[ 2017-11-23 23:49:03 ]当前的预约次数已经超过了本日限制
[ 2017-11-23 23:49:11 ]当前的预约次数已经超过了本日限制
[ 2017-11-23 23:49:19 ]当前的预约次数已经超过了本日限制
[ 2017-11-23 23:49:28 ]当前的预约次数已经超过了本日限制
[ 2017-11-23 23:49:37 ]当前的预约次数已经超过了本日限制
[ 2017-11-23 23:49:46 ]当前的预约次数已经超过了本日限制
[ 2017-11-23 23:49:54 ]当前的预约次数已经超过了本日限制
[ 2017-11-23 23:50:04 ]当前的预约次数已经超过了本日限制
[ 2017-11-23 23:50:12 ]当前的预约次数已经超过了本日限制
[ 2017-11-23 23:50:19 ]当前的预约次数已经超过了本日限制
[ 2017-11-23 23:50:35 ]当前的预约次数已经超过了本日限制
[ 2017-11-23 23:50:42 ]当前的预约次数已经超过了本日限制
[ 2017-11-23 23:50:52 ]当前的预约次数已经超过了本日限制
[ 2017-11-23 23:51:00 ]当前的预约次数已经超过了本日限制
[ 2017-11-23 23:51:08 ]当前的预约次数已经超过了本日限制
[ 2017-11-23 23:51:16 ]当前的预约次数已经超过了本日限制
[ 2017-11-23 23:51:26 ]当前的预约次数已经超过了本日限制
[ 2017-11-23 23:51:33 ]当前的预约次数已经超过了本日限制
[ 2017-11-23 23:51:43 ]当前的预约次数已经超过了本日限制
[ 2017-11-23 23:51:51 ]当前的预约次数已经超过了本日限制
[ 2017-11-23 23:51:59 ]当前的预约次数已经超过了本日限制
[ 2017-11-23 23:52:06 ]当前的预约次数已经超过了本日限制
[ 2017-11-23 23:52:13 ]当前的预约次数已经超过了本日限制
[ 2017-11-23 23:52:22 ]当前的预约次数已经超过了本日限制
[ 2017-11-23 23:52:30 ]当前的预约次数已经超过了本日限制
[ 2017-11-23 23:52:38 ]当前的预约次数已经超过了本日限制
[ 2017-11-23 23:52:47 ]当前的预约次数已经超过了本日限制
[ 2017-11-23 23:52:56 ]当前的预约次数已经超过了本日限制
[ 2017-11-23 23:53:06 ]当前的预约次数已经超过了本日限制
[ 2017-11-23 23:53:14 ]当前的预约次数已经超过了本日限制
[ 2017-11-23 23:53:23 ]当前的预约次数已经超过了本日限制
[ 2017-11-23 23:53:31 ]当前的预约次数已经超过了本日限制
[ 2017-11-23 23:53:41 ]当前的预约次数已经超过了本日限制
[ 2017-11-23 23:53:48 ]当前的预约次数已经超过了本日限制
[ 2017-11-23 23:53:56 ]当前的预约次数已经超过了本日限制
[ 2017-11-23 23:54:04 ]当前的预约次数已经超过了本日限制
[ 2017-11-23 23:54:16 ]当前的预约次数已经超过了本日限制
[ 2017-11-23 23:54:27 ]当前的预约次数已经超过了本日限制
[ 2017-11-23 23:54:36 ]当前的预约次数已经超过了本日限制
[ 2017-11-23 23:54:45 ]当前的预约次数已经超过了本日限制
[ 2017-11-23 23:54:52 ]当前的预约次数已经超过了本日限制
[ 2017-11-23 23:54:59 ]当前的预约次数已经超过了本日限制
[ 2017-11-23 23:55:10 ]当前的预约次数已经超过了本日限制
[ 2017-11-23 23:55:21 ]当前的预约次数已经超过了本日限制
[ 2017-11-23 23:55:33 ]当前的预约次数已经超过了本日限制
[ 2017-11-23 23:55:43 ]当前的预约次数已经超过了本日限制
[ 2017-11-23 23:55:51 ]当前的预约次数已经超过了本日限制
[ 2017-11-23 23:55:58 ]当前的预约次数已经超过了本日限制
[ 2017-11-23 23:56:06 ]当前的预约次数已经超过了本日限制
[ 2017-11-23 23:56:14 ]当前的预约次数已经超过了本日限制
[ 2017-11-23 23:56:23 ]当前的预约次数已经超过了本日限制
[ 2017-11-23 23:56:33 ]当前的预约次数已经超过了本日限制
[ 2017-11-23 23:56:44 ]当前的预约次数已经超过了本日限制
[ 2017-11-23 23:56:52 ]当前的预约次数已经超过了本日限制
[ 2017-11-23 23:57:01 ]当前的预约次数已经超过了本日限制
[ 2017-11-23 23:57:10 ]当前的预约次数已经超过了本日限制
[ 2017-11-23 23:57:22 ]当前的预约次数已经超过了本日限制
[ 2017-11-23 23:57:32 ]当前的预约次数已经超过了本日限制
[ 2017-11-23 23:57:41 ]当前的预约次数已经超过了本日限制
[ 2017-11-23 23:57:50 ]当前的预约次数已经超过了本日限制
[ 2017-11-23 23:57:59 ]当前的预约次数已经超过了本日限制
[ 2017-11-23 23:58:07 ]当前的预约次数已经超过了本日限制
[ 2017-11-23 23:58:15 ]当前的预约次数已经超过了本日限制
[ 2017-11-23 23:58:23 ]当前的预约次数已经超过了本日限制
[ 2017-11-23 23:58:31 ]当前的预约次数已经超过了本日限制
[ 2017-11-23 23:58:41 ]当前的预约次数已经超过了本日限制
[ 2017-11-23 23:58:50 ]当前的预约次数已经超过了本日限制
[ 2017-11-23 23:58:59 ]当前的预约次数已经超过了本日限制
[ 2017-11-23 23:59:06 ]当前的预约次数已经超过了本日限制
[ 2017-11-23 23:59:14 ]当前的预约次数已经超过了本日限制
[ 2017-11-23 23:59:22 ]当前的预约次数已经超过了本日限制
[ 2017-11-23 23:59:32 ]当前的预约次数已经超过了本日限制
[ 2017-11-23 23:59:41 ]当前的预约次数已经超过了本日限制
[ 2017-11-23 23:59:52 ]当前的预约次数已经超过了本日限制
[ 2017-11-24 00:00:00 ]课程科目二  15:00~16:00选择成功!
[ 2017-11-24 00:00:02 ]课程科目二  16:00~17:00选择成功!
